#
# There is insufficient memory for the Java Runtime Environment to continue.
# Native memory allocation (malloc) failed to allocate 65552 bytes for Chunk::new
# Possible reasons:
#   The system is out of physical RAM or swap space
#   The process is running with CompressedOops enabled, and the Java Heap may be blocking the growth of the native heap
# Possible solutions:
#   Reduce memory load on the system
#   Increase physical memory or swap space
#   Check if swap backing store is full
#   Decrease Java heap size (-Xmx/-Xms)
#   Decrease number of Java threads
#   Decrease Java thread stack sizes (-Xss)
#   Set larger code cache with -XX:ReservedCodeCacheSize=
#   JVM is running with Unscaled Compressed Oops mode in which the Java heap is
#     placed in the first 4GB address space. The Java Heap base address is the
#     maximum limit for the native heap growth. Please use -XX:HeapBaseMinAddress
#     to set the Java Heap base and to place the Java Heap above 4GB virtual address.
# This output file may be truncated or incomplete.
#
#  Out of Memory Error (allocation.cpp:389), pid=22244, tid=0x00000000000006fc
#
# JRE version: Java(TM) SE Runtime Environment (8.0_251-b08) (build 1.8.0_251-b08)
# Java VM: Java HotSpot(TM) 64-Bit Server VM (25.251-b08 mixed mode windows-amd64 compressed oops)
# Failed to write core dump. Minidumps are not enabled by default on client versions of Windows
#

---------------  T H R E A D  ---------------

Current thread (0x000000001a058000):  JavaThread "C2 CompilerThread1" daemon [_thread_in_native, id=1788, stack(0x000000001aa30000,0x000000001ab30000)]

Stack: [0x000000001aa30000,0x000000001ab30000]
[error occurred during error reporting (printing stack bounds), id 0xc0000005]

Native frames: (J=compiled Java code, j=interpreted, Vv=VM code, C=native code)


Current CompileTask:
C2:   7505 3944       4       org.apache.maven.model.merge.MavenModelMerger::mergePlugin_Executions (235 bytes)


---------------  P R O C E S S  ---------------

Java Threads: ( => current thread )
  0x000000001a0ef800 JavaThread "Service Thread" daemon [_thread_blocked, id=11428, stack(0x000000001ad30000,0x000000001ae30000)]
  0x000000001a065800 JavaThread "C1 CompilerThread3" daemon [_thread_blocked, id=7632, stack(0x000000001ac30000,0x000000001ad30000)]
  0x000000001a05f800 JavaThread "C2 CompilerThread2" daemon [_thread_in_native, id=23584, stack(0x000000001ab30000,0x000000001ac30000)]
=>0x000000001a058000 JavaThread "C2 CompilerThread1" daemon [_thread_in_native, id=1788, stack(0x000000001aa30000,0x000000001ab30000)]
  0x000000001a052000 JavaThread "C2 CompilerThread0" daemon [_thread_in_native, id=10580, stack(0x000000001a930000,0x000000001aa30000)]
  0x000000001a050000 JavaThread "Attach Listener" daemon [_thread_blocked, id=18724, stack(0x000000001a830000,0x000000001a930000)]
  0x000000001a056800 JavaThread "Signal Dispatcher" daemon [_thread_blocked, id=23376, stack(0x000000001a730000,0x000000001a830000)]
  0x000000001a041800 JavaThread "Finalizer" daemon [_thread_blocked, id=17948, stack(0x000000001a520000,0x000000001a620000)]
  0x0000000003288800 JavaThread "Reference Handler" daemon [_thread_blocked, id=10700, stack(0x000000001a420000,0x000000001a520000)]
  0x0000000003192800 JavaThread "main" [_thread_in_native, id=9268, stack(0x0000000003070000,0x0000000003170000)]

Other Threads:
  0x000000001825a000 VMThread [stack: 0x0000000019f20000,0x000000001a020000] [id=5352]
  0x000000001a119800 WatcherThread [stack: 0x000000001ae30000,0x000000001af30000] [id=11012]

VM state:not at safepoint (normal execution)

VM Mutex/Monitor currently owned by a thread: None

OutOfMemory and StackOverflow Exception counts:
OutOfMemoryError java_heap_errors=6

heap address: 0x0000000081800000, size: 2024 MB, Compressed Oops mode: 32-bit
Narrow klass base: 0x0000000000000000, Narrow klass shift: 3
Compressed class space size: 1073741824 Address: 0x0000000100000000

Heap:
 PSYoungGen      total 147456K, used 49330K [0x00000000d5d80000, 0x00000000e8380000, 0x0000000100000000)
  eden space 129024K, 38% used [0x00000000d5d80000,0x00000000d8dac870,0x00000000ddb80000)
  from space 18432K, 0% used [0x00000000ddb80000,0x00000000ddb80000,0x00000000ded80000)
  to   space 21504K, 0% used [0x00000000e6e80000,0x00000000e6e80000,0x00000000e8380000)
 ParOldGen       total 96256K, used 33467K [0x0000000081800000, 0x0000000087600000, 0x00000000d5d80000)
  object space 96256K, 34% used [0x0000000081800000,0x00000000838aed28,0x0000000087600000)
 Metaspace       used 21889K, capacity 22400K, committed 22704K, reserved 1069056K
  class space    used 2566K, capacity 2752K, committed 2816K, reserved 1048576K

Card table byte_map: [0x0000000012650000,0x0000000012a50000] byte_map_base: 0x0000000012244000

Marking Bits: (ParMarkBitMap*) 0x00000000750aaf90
 Begin Bits: [0x0000000013500000, 0x00000000154a0000)
 End Bits:   [0x00000000154a0000, 0x0000000017440000)

Polling page: 0x0000000001340000

CodeCache: size=245760Kb used=12225Kb max_used=13643Kb free=233535Kb
 bounds [0x0000000003290000, 0x0000000003ff0000, 0x0000000012290000]
 total_blobs=3821 nmethods=3421 adapters=312
 compilation: enabled

Compilation events (10 events):
Event: 7.473 Thread 0x000000001a065800 nmethod 3946 0x000000000340dad0 code [0x000000000340dc40, 0x000000000340dfa8]
Event: 7.476 Thread 0x000000001a05f800 3947       4       org.apache.maven.model.merge.ModelMerger$DependencyKeyComputer::key (9 bytes)
Event: 7.476 Thread 0x000000001a065800 3948       3       org.apache.maven.model.interpolation.StringVisitorModelInterpolator$ModelVisitor::visit (89 bytes)
Event: 7.477 Thread 0x000000001a05f800 nmethod 3947 0x0000000003a98810 code [0x0000000003a98980, 0x0000000003a98a98]
Event: 7.477 Thread 0x000000001a065800 nmethod 3948 0x000000000374ee50 code [0x000000000374f060, 0x000000000374f8f8]
Event: 7.482 Thread 0x000000001a065800 3949       3       org.apache.maven.model.interpolation.StringVisitorModelInterpolator$ModelVisitor::visit (89 bytes)
Event: 7.483 Thread 0x000000001a065800 nmethod 3949 0x00000000037e1890 code [0x00000000037e1ae0, 0x00000000037e26b8]
Event: 7.485 Thread 0x000000001a05f800 3950       4       java.lang.CharacterDataLatin1::digit (91 bytes)
Event: 7.486 Thread 0x000000001a05f800 nmethod 3950 0x000000000340d710 code [0x000000000340d860, 0x000000000340d998]
Event: 7.488 Thread 0x000000001a05f800 3951       4       org.apache.maven.model.inheritance.DefaultInheritanceAssembler$InheritanceModelMerger::mergePlugin (71 bytes)

GC Heap History (10 events):
Event: 2.473 GC heap before
{Heap before GC invocations=4 (full 0):
 PSYoungGen      total 38400K, used 38384K [0x00000000d5d80000, 0x00000000da880000, 0x0000000100000000)
  eden space 33280K, 100% used [0x00000000d5d80000,0x00000000d7e00000,0x00000000d7e00000)
  from space 5120K, 99% used [0x00000000d7e00000,0x00000000d82fc010,0x00000000d8300000)
  to   space 5120K, 0% used [0x00000000da380000,0x00000000da380000,0x00000000da880000)
 ParOldGen       total 87552K, used 4870K [0x0000000081800000, 0x0000000086d80000, 0x00000000d5d80000)
  object space 87552K, 5% used [0x0000000081800000,0x0000000081cc19e8,0x0000000086d80000)
 Metaspace       used 15455K, capacity 15662K, committed 15872K, reserved 1062912K
  class space    used 1833K, capacity 1941K, committed 2048K, reserved 1048576K
Event: 2.482 GC heap after
Heap after GC invocations=4 (full 0):
 PSYoungGen      total 71680K, used 5088K [0x00000000d5d80000, 0x00000000da880000, 0x0000000100000000)
  eden space 66560K, 0% used [0x00000000d5d80000,0x00000000d5d80000,0x00000000d9e80000)
  from space 5120K, 99% used [0x00000000da380000,0x00000000da878020,0x00000000da880000)
  to   space 5120K, 0% used [0x00000000d9e80000,0x00000000d9e80000,0x00000000da380000)
 ParOldGen       total 87552K, used 7667K [0x0000000081800000, 0x0000000086d80000, 0x00000000d5d80000)
  object space 87552K, 8% used [0x0000000081800000,0x0000000081f7ccb0,0x0000000086d80000)
 Metaspace       used 15455K, capacity 15662K, committed 15872K, reserved 1062912K
  class space    used 1833K, capacity 1941K, committed 2048K, reserved 1048576K
}
Event: 3.369 GC heap before
{Heap before GC invocations=5 (full 0):
 PSYoungGen      total 71680K, used 71648K [0x00000000d5d80000, 0x00000000da880000, 0x0000000100000000)
  eden space 66560K, 100% used [0x00000000d5d80000,0x00000000d9e80000,0x00000000d9e80000)
  from space 5120K, 99% used [0x00000000da380000,0x00000000da878020,0x00000000da880000)
  to   space 5120K, 0% used [0x00000000d9e80000,0x00000000d9e80000,0x00000000da380000)
 ParOldGen       total 87552K, used 7667K [0x0000000081800000, 0x0000000086d80000, 0x00000000d5d80000)
  object space 87552K, 8% used [0x0000000081800000,0x0000000081f7ccb0,0x0000000086d80000)
 Metaspace       used 16034K, capacity 16210K, committed 16384K, reserved 1062912K
  class space    used 1862K, capacity 1947K, committed 2048K, reserved 1048576K
Event: 3.397 GC heap after
Heap after GC invocations=5 (full 0):
 PSYoungGen      total 71680K, used 5120K [0x00000000d5d80000, 0x00000000dfb80000, 0x0000000100000000)
  eden space 66560K, 0% used [0x00000000d5d80000,0x00000000d5d80000,0x00000000d9e80000)
  from space 5120K, 100% used [0x00000000d9e80000,0x00000000da380000,0x00000000da380000)
  to   space 14336K, 0% used [0x00000000ded80000,0x00000000ded80000,0x00000000dfb80000)
 ParOldGen       total 87552K, used 17884K [0x0000000081800000, 0x0000000086d80000, 0x00000000d5d80000)
  object space 87552K, 20% used [0x0000000081800000,0x0000000082977158,0x0000000086d80000)
 Metaspace       used 16034K, capacity 16210K, committed 16384K, reserved 1062912K
  class space    used 1862K, capacity 1947K, committed 2048K, reserved 1048576K
}
Event: 4.390 GC heap before
{Heap before GC invocations=6 (full 0):
 PSYoungGen      total 71680K, used 71680K [0x00000000d5d80000, 0x00000000dfb80000, 0x0000000100000000)
  eden space 66560K, 100% used [0x00000000d5d80000,0x00000000d9e80000,0x00000000d9e80000)
  from space 5120K, 100% used [0x00000000d9e80000,0x00000000da380000,0x00000000da380000)
  to   space 14336K, 0% used [0x00000000ded80000,0x00000000ded80000,0x00000000dfb80000)
 ParOldGen       total 87552K, used 17884K [0x0000000081800000, 0x0000000086d80000, 0x00000000d5d80000)
  object space 87552K, 20% used [0x0000000081800000,0x0000000082977158,0x0000000086d80000)
 Metaspace       used 16270K, capacity 16542K, committed 16896K, reserved 1064960K
  class space    used 1863K, capacity 1949K, committed 2048K, reserved 1048576K
Event: 4.408 GC heap after
Heap after GC invocations=6 (full 0):
 PSYoungGen      total 143360K, used 14304K [0x00000000d5d80000, 0x00000000e0380000, 0x0000000100000000)
  eden space 129024K, 0% used [0x00000000d5d80000,0x00000000d5d80000,0x00000000ddb80000)
  from space 14336K, 99% used [0x00000000ded80000,0x00000000dfb78020,0x00000000dfb80000)
  to   space 18432K, 0% used [0x00000000ddb80000,0x00000000ddb80000,0x00000000ded80000)
 ParOldGen       total 87552K, used 20522K [0x0000000081800000, 0x0000000086d80000, 0x00000000d5d80000)
  object space 87552K, 23% used [0x0000000081800000,0x0000000082c0ab60,0x0000000086d80000)
 Metaspace       used 16270K, capacity 16542K, committed 16896K, reserved 1064960K
  class space    used 1863K, capacity 1949K, committed 2048K, reserved 1048576K
}
Event: 6.351 GC heap before
{Heap before GC invocations=7 (full 0):
 PSYoungGen      total 143360K, used 83259K [0x00000000d5d80000, 0x00000000e0380000, 0x0000000100000000)
  eden space 129024K, 53% used [0x00000000d5d80000,0x00000000da0d6f88,0x00000000ddb80000)
  from space 14336K, 99% used [0x00000000ded80000,0x00000000dfb78020,0x00000000dfb80000)
  to   space 18432K, 0% used [0x00000000ddb80000,0x00000000ddb80000,0x00000000ded80000)
 ParOldGen       total 87552K, used 20522K [0x0000000081800000, 0x0000000086d80000, 0x00000000d5d80000)
  object space 87552K, 23% used [0x0000000081800000,0x0000000082c0ab60,0x0000000086d80000)
 Metaspace       used 20604K, capacity 21076K, committed 21296K, reserved 1069056K
  class space    used 2420K, capacity 2590K, committed 2688K, reserved 1048576K
Event: 6.374 GC heap after
Heap after GC invocations=7 (full 0):
 PSYoungGen      total 147456K, used 18356K [0x00000000d5d80000, 0x00000000e8380000, 0x0000000100000000)
  eden space 129024K, 0% used [0x00000000d5d80000,0x00000000d5d80000,0x00000000ddb80000)
  from space 18432K, 99% used [0x00000000ddb80000,0x00000000ded6d120,0x00000000ded80000)
  to   space 21504K, 0% used [0x00000000e6e80000,0x00000000e6e80000,0x00000000e8380000)
 ParOldGen       total 87552K, used 22069K [0x0000000081800000, 0x0000000086d80000, 0x00000000d5d80000)
  object space 87552K, 25% used [0x0000000081800000,0x0000000082d8d420,0x0000000086d80000)
 Metaspace       used 20604K, capacity 21076K, committed 21296K, reserved 1069056K
  class space    used 2420K, capacity 2590K, committed 2688K, reserved 1048576K
}
Event: 6.374 GC heap before
{Heap before GC invocations=8 (full 1):
 PSYoungGen      total 147456K, used 18356K [0x00000000d5d80000, 0x00000000e8380000, 0x0000000100000000)
  eden space 129024K, 0% used [0x00000000d5d80000,0x00000000d5d80000,0x00000000ddb80000)
  from space 18432K, 99% used [0x00000000ddb80000,0x00000000ded6d120,0x00000000ded80000)
  to   space 21504K, 0% used [0x00000000e6e80000,0x00000000e6e80000,0x00000000e8380000)
 ParOldGen       total 87552K, used 22069K [0x0000000081800000, 0x0000000086d80000, 0x00000000d5d80000)
  object space 87552K, 25% used [0x0000000081800000,0x0000000082d8d420,0x0000000086d80000)
 Metaspace       used 20604K, capacity 21076K, committed 21296K, reserved 1069056K
  class space    used 2420K, capacity 2590K, committed 2688K, reserved 1048576K
Event: 6.529 GC heap after
Heap after GC invocations=8 (full 1):
 PSYoungGen      total 147456K, used 0K [0x00000000d5d80000, 0x00000000e8380000, 0x0000000100000000)
  eden space 129024K, 0% used [0x00000000d5d80000,0x00000000d5d80000,0x00000000ddb80000)
  from space 18432K, 0% used [0x00000000ddb80000,0x00000000ddb80000,0x00000000ded80000)
  to   space 21504K, 0% used [0x00000000e6e80000,0x00000000e6e80000,0x00000000e8380000)
 ParOldGen       total 96256K, used 33467K [0x0000000081800000, 0x0000000087600000, 0x00000000d5d80000)
  object space 96256K, 34% used [0x0000000081800000,0x00000000838aed28,0x0000000087600000)
 Metaspace       used 20604K, capacity 21076K, committed 21296K, reserved 1069056K
  class space    used 2420K, capacity 2590K, committed 2688K, reserved 1048576K
}

Deoptimization events (10 events):
Event: 6.758 Thread 0x0000000003192800 Uncommon trap: reason=unstable_if action=reinterpret pc=0x00000000034277ec method=java.lang.StringCoding$StringDecoder.decode([BII)[C @ 20
Event: 6.780 Thread 0x0000000003192800 Uncommon trap: reason=unstable_if action=reinterpret pc=0x00000000037874d8 method=java.util.jar.Attributes$Name.isAlpha(C)Z @ 21
Event: 6.780 Thread 0x0000000003192800 Uncommon trap: reason=unstable_if action=reinterpret pc=0x00000000038278c0 method=java.util.jar.Attributes$Name.isAlpha(C)Z @ 21
Event: 7.126 Thread 0x0000000003192800 Uncommon trap: reason=unstable_if action=reinterpret pc=0x0000000003f11898 method=java.io.WinNTFileSystem.parentOrNull(Ljava/lang/String;)Ljava/lang/String; @ 62
Event: 7.141 Thread 0x0000000003192800 Uncommon trap: reason=class_check action=maybe_recompile pc=0x000000000345f160 method=sun.misc.URLClassPath.getLoader(I)Lsun/misc/URLClassPath$Loader; @ 94
Event: 7.173 Thread 0x0000000003192800 Uncommon trap: reason=unstable_if action=reinterpret pc=0x000000000362c374 method=java.util.concurrent.ConcurrentHashMap.putVal(Ljava/lang/Object;Ljava/lang/Object;Z)Ljava/lang/Object; @ 206
Event: 7.302 Thread 0x0000000003192800 Uncommon trap: reason=unstable_if action=reinterpret pc=0x000000000357a984 method=java.lang.StringCoding$StringDecoder.decode([BII)[C @ 20
Event: 7.434 Thread 0x0000000003192800 Uncommon trap: reason=class_check action=maybe_recompile pc=0x000000000345f160 method=sun.misc.URLClassPath.getLoader(I)Lsun/misc/URLClassPath$Loader; @ 94
Event: 7.434 Thread 0x0000000003192800 Uncommon trap: reason=class_check action=maybe_recompile pc=0x000000000345f160 method=sun.misc.URLClassPath.getLoader(I)Lsun/misc/URLClassPath$Loader; @ 94
Event: 7.472 Thread 0x0000000003192800 Uncommon trap: reason=null_check action=make_not_entrant pc=0x00000000033d30ec method=org.codehaus.plexus.util.xml.Xpp3Dom.mergeIntoXpp3Dom(Lorg/codehaus/plexus/util/xml/Xpp3Dom;Lorg/codehaus/plexus/util/xml/Xpp3Dom;Ljava/lang/Boolean;)V @ 19

Classes redefined (0 events):
No events

Internal exceptions (10 events):
Event: 4.881 Thread 0x0000000003192800 Implicit null exception at 0x0000000003ea09c3 to 0x0000000003ea1011
Event: 5.057 Thread 0x0000000003192800 Implicit null exception at 0x0000000003b888bd to 0x0000000003b88d01
Event: 6.160 Thread 0x0000000003192800 Exception <a 'java/lang/ClassNotFoundException': com/sun/tools/javac/api/JavacTool> (0x00000000d99131e8) thrown at [C:\jenkins\workspace\8-2-build-windows-amd64-cygwin\jdk8u251\737\hotspot\src\share\vm\classfile\systemDictionary.cpp, line 210]
Event: 7.158 Thread 0x0000000003192800 Exception <a 'java/lang/OutOfMemoryError'> (0x00000000d7209c68) thrown at [C:\jenkins\workspace\8-2-build-windows-amd64-cygwin\jdk8u251\737\hotspot\src\share\vm\prims\jni.cpp, line 736]
Event: 7.158 Thread 0x0000000003192800 Exception <a 'java/lang/OutOfMemoryError'> (0x00000000d7209c68) thrown at [C:\jenkins\workspace\8-2-build-windows-amd64-cygwin\jdk8u251\737\hotspot\src\share\vm\prims\jvm.cpp, line 1506]
Event: 7.158 Thread 0x0000000003192800 Exception <a 'java/lang/OutOfMemoryError'> (0x00000000d7209c68) thrown at [C:\jenkins\workspace\8-2-build-windows-amd64-cygwin\jdk8u251\737\hotspot\src\share\vm\prims\jvm.cpp, line 1506]
Event: 7.158 Thread 0x0000000003192800 Exception <a 'java/lang/OutOfMemoryError'> (0x00000000d7209c68) thrown at [C:\jenkins\workspace\8-2-build-windows-amd64-cygwin\jdk8u251\737\hotspot\src\share\vm\prims\jvm.cpp, line 1506]
Event: 7.461 Thread 0x0000000003192800 Exception <a 'java/lang/OutOfMemoryError'> (0x00000000d880d7e8) thrown at [C:\jenkins\workspace\8-2-build-windows-amd64-cygwin\jdk8u251\737\hotspot\src\share\vm\prims\jni.cpp, line 736]
Event: 7.461 Thread 0x0000000003192800 Exception <a 'java/lang/OutOfMemoryError'> (0x00000000d880d7e8) thrown at [C:\jenkins\workspace\8-2-build-windows-amd64-cygwin\jdk8u251\737\hotspot\src\share\vm\prims\jvm.cpp, line 1506]
Event: 7.472 Thread 0x0000000003192800 Implicit null exception at 0x00000000033ce9b6 to 0x00000000033d30dd

Events (10 events):
Event: 7.434 Thread 0x0000000003192800 Uncommon trap: trap_request=0xffffffde fr.pc=0x000000000345f160
Event: 7.434 Thread 0x0000000003192800 DEOPT PACKING pc=0x000000000345f160 sp=0x000000000316c970
Event: 7.434 Thread 0x0000000003192800 DEOPT UNPACKING pc=0x00000000032d583b sp=0x000000000316c8e8 mode 2
Event: 7.460 Thread 0x0000000003192800 DEOPT PACKING pc=0x00000000038f0f15 sp=0x000000000316c740
Event: 7.460 Thread 0x0000000003192800 DEOPT UNPACKING pc=0x00000000032d7890 sp=0x000000000316c478 mode 0
Event: 7.461 loading class java/util/zip/DataFormatException
Event: 7.461 loading class java/util/zip/DataFormatException done
Event: 7.472 Thread 0x0000000003192800 Uncommon trap: trap_request=0xfffffff4 fr.pc=0x00000000033d30ec
Event: 7.472 Thread 0x0000000003192800 DEOPT PACKING pc=0x00000000033d30ec sp=0x000000000316cdc0
Event: 7.472 Thread 0x0000000003192800 DEOPT UNPACKING pc=0x00000000032d583b sp=0x000000000316cdd0 mode 2


Dynamic libraries:
0x00007ff7c2350000 - 0x00007ff7c2387000 	C:\Program Files\Java\jdk1.8.0_251\bin\java.exe
0x00007ffa73230000 - 0x00007ffa73428000 	C:\WINDOWS\SYSTEM32\ntdll.dll
0x00007ffa72690000 - 0x00007ffa7274d000 	C:\WINDOWS\System32\KERNEL32.DLL
0x00007ffa70eb0000 - 0x00007ffa7117e000 	C:\WINDOWS\System32\KERNELBASE.dll
0x00007ffa71750000 - 0x00007ffa717fe000 	C:\WINDOWS\System32\ADVAPI32.dll
0x00007ffa73010000 - 0x00007ffa730ae000 	C:\WINDOWS\System32\msvcrt.dll
0x00007ffa718a0000 - 0x00007ffa7193c000 	C:\WINDOWS\System32\sechost.dll
0x00007ffa715c0000 - 0x00007ffa716e5000 	C:\WINDOWS\System32\RPCRT4.dll
0x00007ffa724e0000 - 0x00007ffa72680000 	C:\WINDOWS\System32\USER32.dll
0x00007ffa70e80000 - 0x00007ffa70ea2000 	C:\WINDOWS\System32\win32u.dll
0x00007ffa72150000 - 0x00007ffa7217a000 	C:\WINDOWS\System32\GDI32.dll
0x00007ffa70cf0000 - 0x00007ffa70dfb000 	C:\WINDOWS\System32\gdi32full.dll
0x00007ffa71180000 - 0x00007ffa7121d000 	C:\WINDOWS\System32\msvcp_win.dll
0x00007ffa70b60000 - 0x00007ffa70c60000 	C:\WINDOWS\System32\ucrtbase.dll
0x00007ffa5cc90000 - 0x00007ffa5cf2a000 	C:\WINDOWS\WinSxS\amd64_microsoft.windows.common-controls_6595b64144ccf1df_6.0.19041.1110_none_60b5254171f9507e\COMCTL32.dll
0x00007ffa71810000 - 0x00007ffa71840000 	C:\WINDOWS\System32\IMM32.DLL
0x0000000075130000 - 0x0000000075202000 	C:\Program Files\Java\jdk1.8.0_251\jre\bin\msvcr100.dll
0x0000000074880000 - 0x000000007512b000 	C:\Program Files\Java\jdk1.8.0_251\jre\bin\server\jvm.dll
0x00007ffa72680000 - 0x00007ffa72688000 	C:\WINDOWS\System32\PSAPI.DLL
0x00007ffa64350000 - 0x00007ffa6435a000 	C:\WINDOWS\SYSTEM32\VERSION.dll
0x00007ffa57bc0000 - 0x00007ffa57bc9000 	C:\WINDOWS\SYSTEM32\WSOCK32.dll
0x00007ffa5d9c0000 - 0x00007ffa5d9e7000 	C:\WINDOWS\SYSTEM32\WINMM.dll
0x00007ffa73180000 - 0x00007ffa731eb000 	C:\WINDOWS\System32\WS2_32.dll
0x00007ffa538a0000 - 0x00007ffa538af000 	C:\Program Files\Java\jdk1.8.0_251\jre\bin\verify.dll
0x00007ffa3fca0000 - 0x00007ffa3fcc9000 	C:\Program Files\Java\jdk1.8.0_251\jre\bin\java.dll
0x00007ffa3fa80000 - 0x00007ffa3fa96000 	C:\Program Files\Java\jdk1.8.0_251\jre\bin\zip.dll
0x00007ffa71940000 - 0x00007ffa72084000 	C:\WINDOWS\System32\SHELL32.dll
0x00007ffa6e8f0000 - 0x00007ffa6f084000 	C:\WINDOWS\SYSTEM32\windows.storage.dll
0x00007ffa72750000 - 0x00007ffa72aa4000 	C:\WINDOWS\System32\combase.dll
0x00007ffa70260000 - 0x00007ffa70290000 	C:\WINDOWS\SYSTEM32\Wldp.dll
0x00007ffa72220000 - 0x00007ffa722cd000 	C:\WINDOWS\System32\SHCORE.dll
0x00007ffa71840000 - 0x00007ffa71895000 	C:\WINDOWS\System32\shlwapi.dll
0x00007ffa70890000 - 0x00007ffa708af000 	C:\WINDOWS\SYSTEM32\profapi.dll
0x00007ffa535c0000 - 0x00007ffa535ca000 	C:\Users\Thanh\apache-maven-3.6.3\lib\jansi-native\windows64\jansi.dll
0x00007ffa3f9c0000 - 0x00007ffa3f9da000 	C:\Program Files\Java\jdk1.8.0_251\jre\bin\net.dll
0x00007ffa6ffe0000 - 0x00007ffa7004a000 	C:\WINDOWS\system32\mswsock.dll
0x00007ffa3f240000 - 0x00007ffa3f252000 	C:\Program Files\Java\jdk1.8.0_251\jre\bin\nio.dll

VM Arguments:
jvm_args: -Dclassworlds.conf=C:\Users\Thanh\apache-maven-3.6.3\bin\..\bin\m2.conf -Dmaven.home=C:\Users\Thanh\apache-maven-3.6.3\bin\.. -Dlibrary.jansi.path=C:\Users\Thanh\apache-maven-3.6.3\bin\..\lib\jansi-native -Dmaven.multiModuleProjectDirectory=H:\microservices\03.microservices\netflix-zuul-api-gateway-server 
java_command: org.codehaus.plexus.classworlds.launcher.Launcher clean install -DskipTests=true
java_class_path (initial): C:\Users\Thanh\apache-maven-3.6.3\bin\..\boot\plexus-classworlds-2.6.0.jar
Launcher Type: SUN_STANDARD

Environment Variables:
JAVA_HOME=C:\Program Files\Java\jdk1.8.0_251
PATH=C:\Program Files\Common Files\Oracle\Java\javapath;C:\Program Files\Python38\Scripts\;C:\Program Files\Python38\;C:\Program Files\Microsoft MPI\Bin\;C:\Program Files (x86)\Common Files\Oracle\Java\javapath;C:\WINDOWS\system32;C:\WINDOWS;C:\WINDOWS\System32\Wbem;C:\WINDOWS\System32\WindowsPowerShell\v1.0\;C:\WINDOWS\System32\OpenSSH\;C:\Program Files\dotnet\;C:\Program Files\Microsoft SQL Server\130\Tools\Binn\;C:\Program Files\Microsoft SQL Server\Client SDK\ODBC\170\Tools\Binn\;C:\Program Files (x86)\Microsoft SQL Server\150\Tools\Binn\;C:\Program Files\Microsoft SQL Server\150\Tools\Binn\;C:\Program Files\Microsoft SQL Server\150\DTS\Binn\;C:\Users\Thanh\apache-maven-3.6.3\bin;C:\Program Files\PuTTY\;C:\Program Files (x86)\dotnet\;C:\Program Files\Amazon\AWSCLI\bin\;C:\Program Files\nodejs\;C:\Program Files\Docker\Docker\resources\bin;C:\ProgramData\DockerDesktop\version-bin;C:\Program Files\Git\cmd;C:\Users\Thanh\AppData\Local\Microsoft\WindowsApps;C:\Users\Thanh\AppData\Local\GitHubDesktop\bin;C:\Users\Thanh\AppData\Local\Programs\Microsoft VS Code\bin;C:\opencv\build\x64\vc14\bin;C:\Users\Thanh\.dotnet\tools;C:\Users\Thanh\AppData\Local\Microsoft\WindowsApps;C:\Program Files\MySQL\MySQL Shell 8.0\bin\;C:\Program Files\Java\jdk-11.0.12\bin;C:\Program Files\sonar-scanner\bin;C:\Users\Thanh\AppData\Roaming\npm;C:\Program Files\heroku\bin;
USERNAME=Thanh
OS=Windows_NT
PROCESSOR_IDENTIFIER=Intel64 Family 6 Model 142 Stepping 10, GenuineIntel



---------------  S Y S T E M  ---------------

OS: Windows 10.0 , 64 bit Build 19041 (10.0.19041.1806)

CPU:total 8 (initial active 8) (4 cores per cpu, 2 threads per core) family 6 model 142 stepping 10, cmov, cx8, fxsr, mmx, sse, sse2, sse3, ssse3, sse4.1, sse4.2, popcnt, avx, avx2, aes, clmul, erms, 3dnowpref, lzcnt, ht, tsc, tscinvbit, bmi1, bmi2, adx

Memory: 4k page, physical 8283352k(1061688k free), swap 21517564k(492k free)

vm_info: Java HotSpot(TM) 64-Bit Server VM (25.251-b08) for windows-amd64 JRE (1.8.0_251-b08), built on Mar 12 2020 06:31:49 by "" with MS VC++ 10.0 (VS2010)

time: Fri Aug 12 13:37:44 2022
timezone: SE Asia Standard Time
elapsed time: 7 seconds (0d 0h 0m 7s)

