#
# There is insufficient memory for the Java Runtime Environment to continue.
# Native memory allocation (malloc) failed to allocate 271216 bytes for Chunk::new
# Possible reasons:
#   The system is out of physical RAM or swap space
#   The process is running with CompressedOops enabled, and the Java Heap may be blocking the growth of the native heap
# Possible solutions:
#   Reduce memory load on the system
#   Increase physical memory or swap space
#   Check if swap backing store is full
#   Decrease Java heap size (-Xmx/-Xms)
#   Decrease number of Java threads
#   Decrease Java thread stack sizes (-Xss)
#   Set larger code cache with -XX:ReservedCodeCacheSize=
#   JVM is running with Unscaled Compressed Oops mode in which the Java heap is
#     placed in the first 4GB address space. The Java Heap base address is the
#     maximum limit for the native heap growth. Please use -XX:HeapBaseMinAddress
#     to set the Java Heap base and to place the Java Heap above 4GB virtual address.
# This output file may be truncated or incomplete.
#
#  Out of Memory Error (./src/hotspot/share/memory/arena.cpp:197), pid=5300, tid=20764
#
# JRE version: OpenJDK Runtime Environment JBR-11.0.9.11-1145.21-jcef (11.0.9+11) (build 11.0.9+11-b1145.21)
# Java VM: OpenJDK 64-Bit Server VM JBR-11.0.9.11-1145.21-jcef (11.0.9+11-b1145.21, mixed mode, tiered, compressed oops, g1 gc, windows-amd64)
# No core dump will be written. Minidumps are not enabled by default on client versions of Windows
#

---------------  S U M M A R Y ------------

Command Line: C:\Users\Thanh\AppData\Roaming\JetBrains\IdeaIC2020.3\plugins\idea-spring-tools\lib\server\language-server.jar

Host: Intel(R) Core(TM) i5-8250U CPU @ 1.60GHz, 8 cores, 7G,  Windows 10 , 64 bit Build 19041 (10.0.19041.1806)
Time: Fri Aug 12 16:45:43 2022 SE Asia Standard Time elapsed time: 92.190822 seconds (0d 0h 1m 32s)

---------------  T H R E A D  ---------------

Current thread (0x000001bb1d96b800):  JavaThread "C2 CompilerThread0" daemon [_thread_in_native, id=20764, stack(0x0000008ef3600000,0x0000008ef3700000)]


Current CompileTask:
C2:  92190 3235 %     4       sun.jvmstat.perfdata.monitor.AliasFileParser::parse @ 73 (206 bytes)

Stack: [0x0000008ef3600000,0x0000008ef3700000]
Native frames: (J=compiled Java code, j=interpreted, Vv=VM code, C=native code)
V  [jvm.dll+0x5ed3ca]
V  [jvm.dll+0x722725]
V  [jvm.dll+0x723c7d]
V  [jvm.dll+0x724333]
V  [jvm.dll+0x242bd8]
V  [jvm.dll+0xbc0fc]
V  [jvm.dll+0xbc5fc]
V  [jvm.dll+0x2b5144]
V  [jvm.dll+0x506428]
V  [jvm.dll+0x203913]
V  [jvm.dll+0x1fd71c]
V  [jvm.dll+0x1fadff]
V  [jvm.dll+0x18362c]
V  [jvm.dll+0x2095b7]
V  [jvm.dll+0x207e01]
V  [jvm.dll+0x6eb1ff]
V  [jvm.dll+0x6e3d55]
V  [jvm.dll+0x5ec366]
C  [ucrtbase.dll+0x21bb2]
C  [KERNEL32.DLL+0x17034]
C  [ntdll.dll+0x52651]


---------------  P R O C E S S  ---------------

Threads class SMR info:
_java_thread_list=0x000001bb204be9f0, length=22, elements={
0x000001bb1cfe7000, 0x000001bb1cff0800, 0x000001bb1d965800, 0x000001bb1d96a000,
0x000001bb1d96b800, 0x000001bb1d001800, 0x000001bb1d00c800, 0x000001bb1dae1000,
0x000001bb1dae5000, 0x000001bb1e433800, 0x000001bb1f165800, 0x000001bb1ef6e800,
0x000001bb1e477000, 0x000001bb1e478000, 0x000001bb1eb47800, 0x000001bb1e73e000,
0x000001bb1fab1800, 0x000001bb1fab2800, 0x000001bb1fab0000, 0x000001bb1fab3800,
0x000001bb1fab4000, 0x000001bb1fab1000
}

Java Threads: ( => current thread )
  0x000001bb1cfe7000 JavaThread "Reference Handler" daemon [_thread_blocked, id=9416, stack(0x0000008ef3200000,0x0000008ef3300000)]
  0x000001bb1cff0800 JavaThread "Finalizer" daemon [_thread_blocked, id=11708, stack(0x0000008ef3300000,0x0000008ef3400000)]
  0x000001bb1d965800 JavaThread "Signal Dispatcher" daemon [_thread_blocked, id=21776, stack(0x0000008ef3400000,0x0000008ef3500000)]
  0x000001bb1d96a000 JavaThread "Attach Listener" daemon [_thread_blocked, id=3864, stack(0x0000008ef3500000,0x0000008ef3600000)]
=>0x000001bb1d96b800 JavaThread "C2 CompilerThread0" daemon [_thread_in_native, id=20764, stack(0x0000008ef3600000,0x0000008ef3700000)]
  0x000001bb1d001800 JavaThread "C1 CompilerThread0" daemon [_thread_blocked, id=22388, stack(0x0000008ef3700000,0x0000008ef3800000)]
  0x000001bb1d00c800 JavaThread "Sweeper thread" daemon [_thread_blocked, id=20708, stack(0x0000008ef3800000,0x0000008ef3900000)]
  0x000001bb1dae1000 JavaThread "Service Thread" daemon [_thread_blocked, id=20852, stack(0x0000008ef3900000,0x0000008ef3a00000)]
  0x000001bb1dae5000 JavaThread "Common-Cleaner" daemon [_thread_blocked, id=21132, stack(0x0000008ef3b00000,0x0000008ef3c00000)]
  0x000001bb1e433800 JavaThread "ForkJoinPool.commonPool-worker-3" daemon [_thread_blocked, id=23124, stack(0x0000008ef4000000,0x0000008ef4100000)]
  0x000001bb1f165800 JavaThread "ForkJoinPool.commonPool-worker-5" daemon [_thread_blocked, id=21220, stack(0x0000008ef4100000,0x0000008ef4200000)]
  0x000001bb1ef6e800 JavaThread "ForkJoinPool.commonPool-worker-7" daemon [_thread_blocked, id=24248, stack(0x0000008ef4200000,0x0000008ef4300000)]
  0x000001bb1e477000 JavaThread "ForkJoinPool.commonPool-worker-9" daemon [_thread_blocked, id=16260, stack(0x0000008ef4300000,0x0000008ef4400000)]
  0x000001bb1e478000 JavaThread "ForkJoinPool.commonPool-worker-11" daemon [_thread_blocked, id=17748, stack(0x0000008ef4400000,0x0000008ef4500000)]
  0x000001bb1eb47800 JavaThread "ForkJoinPool.commonPool-worker-15" daemon [_thread_blocked, id=21308, stack(0x0000008ef4500000,0x0000008ef4600000)]
  0x000001bb1e73e000 JavaThread "Simple-Language-Server main thread" daemon [_thread_blocked, id=19604, stack(0x0000008ef3d00000,0x0000008ef3e00000)]
  0x000001bb1fab1800 JavaThread "LanguageServerApp-lifecycle" [_thread_blocked, id=10348, stack(0x0000008ef3c00000,0x0000008ef3d00000)]
  0x000001bb1fab2800 JavaThread "DestroyJavaVM" [_thread_blocked, id=9616, stack(0x0000008ef2b00000,0x0000008ef2c00000)]
  0x000001bb1fab0000 JavaThread "pool-4-thread-1" [_thread_in_native, id=7040, stack(0x0000008ef4900000,0x0000008ef4a00000)]
  0x000001bb1fab3800 JavaThread "pool-5-thread-1" [_thread_blocked, id=18760, stack(0x0000008ef4a00000,0x0000008ef4b00000)]
  0x000001bb1fab4000 JavaThread "parallel-1" daemon [_thread_blocked, id=15700, stack(0x0000008ef4d00000,0x0000008ef4e00000)]
  0x000001bb1fab1000 JavaThread "Reconciler-1" daemon [_thread_blocked, id=1652, stack(0x0000008ef4e00000,0x0000008ef4f00000)]

Other Threads:
  0x000001bb1cfc1800 VMThread "VM Thread" [stack: 0x0000008ef3100000,0x0000008ef3200000] [id=24448]
  0x000001bb1dae2800 WatcherThread [stack: 0x0000008ef3a00000,0x0000008ef3b00000] [id=14756]
  0x000001bb02362800 GCTaskThread "GC Thread#0" [stack: 0x0000008ef2c00000,0x0000008ef2d00000] [id=22956]
  0x000001bb1dc4d000 GCTaskThread "GC Thread#1" [stack: 0x0000008ef3e00000,0x0000008ef3f00000] [id=19212]
  0x000001bb1e34b800 GCTaskThread "GC Thread#2" [stack: 0x0000008ef3f00000,0x0000008ef4000000] [id=18932]
  0x000001bb1ed79800 GCTaskThread "GC Thread#3" [stack: 0x0000008ef4800000,0x0000008ef4900000] [id=2744]
  0x000001bb1e73c800 GCTaskThread "GC Thread#4" [stack: 0x0000008ef4f00000,0x0000008ef5000000] [id=25136]
  0x000001bb1fbf2000 GCTaskThread "GC Thread#5" [stack: 0x0000008ef5000000,0x0000008ef5100000] [id=25140]
  0x000001bb1fbf3000 GCTaskThread "GC Thread#6" [stack: 0x0000008ef5100000,0x0000008ef5200000] [id=25144]
  0x000001bb2250c800 GCTaskThread "GC Thread#7" [stack: 0x0000008ef5200000,0x0000008ef5300000] [id=25148]
  0x000001bb02392000 ConcurrentGCThread "G1 Main Marker" [stack: 0x0000008ef2d00000,0x0000008ef2e00000] [id=24360]
  0x000001bb02393800 ConcurrentGCThread "G1 Conc#0" [stack: 0x0000008ef2e00000,0x0000008ef2f00000] [id=4664]
  0x000001bb1f2ac800 ConcurrentGCThread "G1 Conc#1" [stack: 0x0000008ef4700000,0x0000008ef4800000] [id=14676]
  0x000001bb1ce30800 ConcurrentGCThread "G1 Refine#0" [stack: 0x0000008ef2f00000,0x0000008ef3000000] [id=19332]
  0x000001bb1ce31800 ConcurrentGCThread "G1 Young RemSet Sampling" [stack: 0x0000008ef3000000,0x0000008ef3100000] [id=24364]

Threads with active compile tasks:
C2 CompilerThread0  92259 3235 %     4       sun.jvmstat.perfdata.monitor.AliasFileParser::parse @ 73 (206 bytes)

VM state:not at safepoint (normal execution)

VM Mutex/Monitor currently owned by a thread: None

Heap address: 0x0000000081800000, size: 2024 MB, Compressed Oops mode: 32-bit
Narrow klass base: 0x0000000000000000, Narrow klass shift: 3
Compressed class space size: 1073741824 Address: 0x0000000100000000

Heap:
 garbage-first heap   total 131072K, used 61133K [0x0000000081800000, 0x0000000100000000)
  region size 1024K, 56 young (57344K), 5 survivors (5120K)
 Metaspace       used 31659K, capacity 32535K, committed 32640K, reserved 1077248K
  class space    used 3816K, capacity 4143K, committed 4224K, reserved 1048576K
Heap Regions: E=young(eden), S=young(survivor), O=old, HS=humongous(starts), HC=humongous(continues), CS=collection set, F=free, A=archive, TAMS=top-at-mark-start (previous, next)
|   0|0x0000000081800000, 0x0000000081900000, 0x0000000081900000|100%| O|  |TAMS 0x0000000081900000, 0x0000000081800000| Untracked 
|   1|0x0000000081900000, 0x0000000081a00000, 0x0000000081a00000|100%| O|  |TAMS 0x0000000081a00000, 0x0000000081900000| Untracked 
|   2|0x0000000081a00000, 0x0000000081b00000, 0x0000000081b00000|100%| O|  |TAMS 0x0000000081b00000, 0x0000000081a00000| Untracked 
|   3|0x0000000081b00000, 0x0000000081c00000, 0x0000000081c00000|100%| O|  |TAMS 0x0000000081c00000, 0x0000000081b00000| Untracked 
|   4|0x0000000081c00000, 0x0000000081d00000, 0x0000000081d00000|100%| O|  |TAMS 0x0000000081c1ac00, 0x0000000081c00000| Untracked 
|   5|0x0000000081d00000, 0x0000000081e00000, 0x0000000081e00000|100%| O|  |TAMS 0x0000000081d00000, 0x0000000081d00000| Untracked 
|   6|0x0000000081e00000, 0x0000000081e0a000, 0x0000000081f00000|  3%| O|  |TAMS 0x0000000081e00000, 0x0000000081e00000| Untracked 
|   7|0x0000000081f00000, 0x0000000081f00000, 0x0000000082000000|  0%| F|  |TAMS 0x0000000081f00000, 0x0000000081f00000| Untracked 
|   8|0x0000000082000000, 0x0000000082000000, 0x0000000082100000|  0%| F|  |TAMS 0x0000000082000000, 0x0000000082000000| Untracked 
|   9|0x0000000082100000, 0x0000000082100000, 0x0000000082200000|  0%| F|  |TAMS 0x0000000082100000, 0x0000000082100000| Untracked 
|  10|0x0000000082200000, 0x0000000082200000, 0x0000000082300000|  0%| F|  |TAMS 0x0000000082200000, 0x0000000082200000| Untracked 
|  11|0x0000000082300000, 0x0000000082300000, 0x0000000082400000|  0%| F|  |TAMS 0x0000000082300000, 0x0000000082300000| Untracked 
|  12|0x0000000082400000, 0x0000000082400000, 0x0000000082500000|  0%| F|  |TAMS 0x0000000082400000, 0x0000000082400000| Untracked 
|  13|0x0000000082500000, 0x0000000082500000, 0x0000000082600000|  0%| F|  |TAMS 0x0000000082500000, 0x0000000082500000| Untracked 
|  14|0x0000000082600000, 0x0000000082600000, 0x0000000082700000|  0%| F|  |TAMS 0x0000000082600000, 0x0000000082600000| Untracked 
|  15|0x0000000082700000, 0x0000000082700000, 0x0000000082800000|  0%| F|  |TAMS 0x0000000082700000, 0x0000000082700000| Untracked 
|  16|0x0000000082800000, 0x0000000082800000, 0x0000000082900000|  0%| F|  |TAMS 0x0000000082800000, 0x0000000082800000| Untracked 
|  17|0x0000000082900000, 0x0000000082900000, 0x0000000082a00000|  0%| F|  |TAMS 0x0000000082900000, 0x0000000082900000| Untracked 
|  18|0x0000000082a00000, 0x0000000082a00000, 0x0000000082b00000|  0%| F|  |TAMS 0x0000000082a00000, 0x0000000082a00000| Untracked 
|  19|0x0000000082b00000, 0x0000000082b00000, 0x0000000082c00000|  0%| F|  |TAMS 0x0000000082b00000, 0x0000000082b00000| Untracked 
|  20|0x0000000082c00000, 0x0000000082c00000, 0x0000000082d00000|  0%| F|  |TAMS 0x0000000082c00000, 0x0000000082c00000| Untracked 
|  21|0x0000000082d00000, 0x0000000082d00000, 0x0000000082e00000|  0%| F|  |TAMS 0x0000000082d00000, 0x0000000082d00000| Untracked 
|  22|0x0000000082e00000, 0x0000000082e00000, 0x0000000082f00000|  0%| F|  |TAMS 0x0000000082e00000, 0x0000000082e00000| Untracked 
|  23|0x0000000082f00000, 0x0000000082f00000, 0x0000000083000000|  0%| F|  |TAMS 0x0000000082f00000, 0x0000000082f00000| Untracked 
|  24|0x0000000083000000, 0x0000000083000000, 0x0000000083100000|  0%| F|  |TAMS 0x0000000083000000, 0x0000000083000000| Untracked 
|  25|0x0000000083100000, 0x0000000083100000, 0x0000000083200000|  0%| F|  |TAMS 0x0000000083100000, 0x0000000083100000| Untracked 
|  26|0x0000000083200000, 0x0000000083200000, 0x0000000083300000|  0%| F|  |TAMS 0x0000000083200000, 0x0000000083200000| Untracked 
|  27|0x0000000083300000, 0x0000000083300000, 0x0000000083400000|  0%| F|  |TAMS 0x0000000083300000, 0x0000000083300000| Untracked 
|  28|0x0000000083400000, 0x0000000083400000, 0x0000000083500000|  0%| F|  |TAMS 0x0000000083400000, 0x0000000083400000| Untracked 
|  29|0x0000000083500000, 0x0000000083500000, 0x0000000083600000|  0%| F|  |TAMS 0x0000000083500000, 0x0000000083500000| Untracked 
|  30|0x0000000083600000, 0x0000000083600000, 0x0000000083700000|  0%| F|  |TAMS 0x0000000083600000, 0x0000000083600000| Untracked 
|  31|0x0000000083700000, 0x0000000083700000, 0x0000000083800000|  0%| F|  |TAMS 0x0000000083700000, 0x0000000083700000| Untracked 
|  32|0x0000000083800000, 0x0000000083800000, 0x0000000083900000|  0%| F|  |TAMS 0x0000000083800000, 0x0000000083800000| Untracked 
|  33|0x0000000083900000, 0x0000000083900000, 0x0000000083a00000|  0%| F|  |TAMS 0x0000000083900000, 0x0000000083900000| Untracked 
|  34|0x0000000083a00000, 0x0000000083a00000, 0x0000000083b00000|  0%| F|  |TAMS 0x0000000083a00000, 0x0000000083a00000| Untracked 
|  35|0x0000000083b00000, 0x0000000083b00000, 0x0000000083c00000|  0%| F|  |TAMS 0x0000000083b00000, 0x0000000083b00000| Untracked 
|  36|0x0000000083c00000, 0x0000000083c00000, 0x0000000083d00000|  0%| F|  |TAMS 0x0000000083c00000, 0x0000000083c00000| Untracked 
|  37|0x0000000083d00000, 0x0000000083d00000, 0x0000000083e00000|  0%| F|  |TAMS 0x0000000083d00000, 0x0000000083d00000| Untracked 
|  38|0x0000000083e00000, 0x0000000083e00000, 0x0000000083f00000|  0%| F|  |TAMS 0x0000000083e00000, 0x0000000083e00000| Untracked 
|  39|0x0000000083f00000, 0x0000000083f00000, 0x0000000084000000|  0%| F|  |TAMS 0x0000000083f00000, 0x0000000083f00000| Untracked 
|  40|0x0000000084000000, 0x0000000084000000, 0x0000000084100000|  0%| F|  |TAMS 0x0000000084000000, 0x0000000084000000| Untracked 
|  41|0x0000000084100000, 0x0000000084100000, 0x0000000084200000|  0%| F|  |TAMS 0x0000000084100000, 0x0000000084100000| Untracked 
|  42|0x0000000084200000, 0x0000000084200000, 0x0000000084300000|  0%| F|  |TAMS 0x0000000084200000, 0x0000000084200000| Untracked 
|  43|0x0000000084300000, 0x0000000084300000, 0x0000000084400000|  0%| F|  |TAMS 0x0000000084300000, 0x0000000084300000| Untracked 
|  44|0x0000000084400000, 0x0000000084400000, 0x0000000084500000|  0%| F|  |TAMS 0x0000000084400000, 0x0000000084400000| Untracked 
|  45|0x0000000084500000, 0x0000000084500000, 0x0000000084600000|  0%| F|  |TAMS 0x0000000084500000, 0x0000000084500000| Untracked 
|  46|0x0000000084600000, 0x0000000084600000, 0x0000000084700000|  0%| F|  |TAMS 0x0000000084600000, 0x0000000084600000| Untracked 
|  47|0x0000000084700000, 0x0000000084700000, 0x0000000084800000|  0%| F|  |TAMS 0x0000000084700000, 0x0000000084700000| Untracked 
|  48|0x0000000084800000, 0x0000000084800000, 0x0000000084900000|  0%| F|  |TAMS 0x0000000084800000, 0x0000000084800000| Untracked 
|  49|0x0000000084900000, 0x0000000084900000, 0x0000000084a00000|  0%| F|  |TAMS 0x0000000084900000, 0x0000000084900000| Untracked 
|  50|0x0000000084a00000, 0x0000000084a00000, 0x0000000084b00000|  0%| F|  |TAMS 0x0000000084a00000, 0x0000000084a00000| Untracked 
|  51|0x0000000084b00000, 0x0000000084b00000, 0x0000000084c00000|  0%| F|  |TAMS 0x0000000084b00000, 0x0000000084b00000| Untracked 
|  52|0x0000000084c00000, 0x0000000084c00000, 0x0000000084d00000|  0%| F|  |TAMS 0x0000000084c00000, 0x0000000084c00000| Untracked 
|  53|0x0000000084d00000, 0x0000000084da97d0, 0x0000000084e00000| 66%| S|CS|TAMS 0x0000000084d00000, 0x0000000084d00000| Complete 
|  54|0x0000000084e00000, 0x0000000084f00000, 0x0000000084f00000|100%| S|CS|TAMS 0x0000000084e00000, 0x0000000084e00000| Complete 
|  55|0x0000000084f00000, 0x0000000085000000, 0x0000000085000000|100%| S|CS|TAMS 0x0000000084f00000, 0x0000000084f00000| Complete 
|  56|0x0000000085000000, 0x0000000085100000, 0x0000000085100000|100%| S|CS|TAMS 0x0000000085000000, 0x0000000085000000| Complete 
|  57|0x0000000085100000, 0x0000000085200000, 0x0000000085200000|100%| S|CS|TAMS 0x0000000085100000, 0x0000000085100000| Complete 
|  58|0x0000000085200000, 0x0000000085200000, 0x0000000085300000|  0%| F|  |TAMS 0x0000000085200000, 0x0000000085200000| Untracked 
|  59|0x0000000085300000, 0x0000000085300000, 0x0000000085400000|  0%| F|  |TAMS 0x0000000085300000, 0x0000000085300000| Untracked 
|  60|0x0000000085400000, 0x0000000085400000, 0x0000000085500000|  0%| F|  |TAMS 0x0000000085400000, 0x0000000085400000| Untracked 
|  61|0x0000000085500000, 0x0000000085500000, 0x0000000085600000|  0%| F|  |TAMS 0x0000000085500000, 0x0000000085500000| Untracked 
|  62|0x0000000085600000, 0x0000000085600000, 0x0000000085700000|  0%| F|  |TAMS 0x0000000085600000, 0x0000000085600000| Untracked 
|  63|0x0000000085700000, 0x0000000085700000, 0x0000000085800000|  0%| F|  |TAMS 0x0000000085700000, 0x0000000085700000| Untracked 
|  64|0x0000000085800000, 0x0000000085800000, 0x0000000085900000|  0%| F|  |TAMS 0x0000000085800000, 0x0000000085800000| Untracked 
|  65|0x0000000085900000, 0x0000000085900000, 0x0000000085a00000|  0%| F|  |TAMS 0x0000000085900000, 0x0000000085900000| Untracked 
|  66|0x0000000085a00000, 0x0000000085a00000, 0x0000000085b00000|  0%| F|  |TAMS 0x0000000085a00000, 0x0000000085a00000| Untracked 
|  67|0x0000000085b00000, 0x0000000085b00000, 0x0000000085c00000|  0%| F|  |TAMS 0x0000000085b00000, 0x0000000085b00000| Untracked 
|  68|0x0000000085c00000, 0x0000000085c00000, 0x0000000085d00000|  0%| F|  |TAMS 0x0000000085c00000, 0x0000000085c00000| Untracked 
|  69|0x0000000085d00000, 0x0000000085d00000, 0x0000000085e00000|  0%| F|  |TAMS 0x0000000085d00000, 0x0000000085d00000| Untracked 
|  70|0x0000000085e00000, 0x0000000085e00000, 0x0000000085f00000|  0%| F|  |TAMS 0x0000000085e00000, 0x0000000085e00000| Untracked 
|  71|0x0000000085f00000, 0x0000000085f00000, 0x0000000086000000|  0%| F|  |TAMS 0x0000000085f00000, 0x0000000085f00000| Untracked 
|  72|0x0000000086000000, 0x0000000086000000, 0x0000000086100000|  0%| F|  |TAMS 0x0000000086000000, 0x0000000086000000| Untracked 
|  73|0x0000000086100000, 0x0000000086100000, 0x0000000086200000|  0%| F|  |TAMS 0x0000000086100000, 0x0000000086100000| Untracked 
|  74|0x0000000086200000, 0x0000000086200000, 0x0000000086300000|  0%| F|  |TAMS 0x0000000086200000, 0x0000000086200000| Untracked 
|  75|0x0000000086300000, 0x0000000086300000, 0x0000000086400000|  0%| F|  |TAMS 0x0000000086300000, 0x0000000086300000| Untracked 
|  76|0x0000000086400000, 0x0000000086400000, 0x0000000086500000|  0%| F|  |TAMS 0x0000000086400000, 0x0000000086400000| Untracked 
|  77|0x0000000086500000, 0x0000000086600000, 0x0000000086600000|100%| E|  |TAMS 0x0000000086500000, 0x0000000086500000| Complete 
|  78|0x0000000086600000, 0x0000000086700000, 0x0000000086700000|100%| E|CS|TAMS 0x0000000086600000, 0x0000000086600000| Complete 
|  79|0x0000000086700000, 0x0000000086800000, 0x0000000086800000|100%| E|CS|TAMS 0x0000000086700000, 0x0000000086700000| Complete 
|  80|0x0000000086800000, 0x0000000086900000, 0x0000000086900000|100%| E|  |TAMS 0x0000000086800000, 0x0000000086800000| Complete 
|  81|0x0000000086900000, 0x0000000086a00000, 0x0000000086a00000|100%| E|CS|TAMS 0x0000000086900000, 0x0000000086900000| Complete 
|  82|0x0000000086a00000, 0x0000000086b00000, 0x0000000086b00000|100%| E|CS|TAMS 0x0000000086a00000, 0x0000000086a00000| Complete 
|  83|0x0000000086b00000, 0x0000000086c00000, 0x0000000086c00000|100%| E|CS|TAMS 0x0000000086b00000, 0x0000000086b00000| Complete 
|  84|0x0000000086c00000, 0x0000000086d00000, 0x0000000086d00000|100%| E|CS|TAMS 0x0000000086c00000, 0x0000000086c00000| Complete 
|  85|0x0000000086d00000, 0x0000000086e00000, 0x0000000086e00000|100%| E|CS|TAMS 0x0000000086d00000, 0x0000000086d00000| Complete 
|  86|0x0000000086e00000, 0x0000000086f00000, 0x0000000086f00000|100%| E|CS|TAMS 0x0000000086e00000, 0x0000000086e00000| Complete 
|  87|0x0000000086f00000, 0x0000000087000000, 0x0000000087000000|100%| E|CS|TAMS 0x0000000086f00000, 0x0000000086f00000| Complete 
|  88|0x0000000087000000, 0x0000000087100000, 0x0000000087100000|100%| E|CS|TAMS 0x0000000087000000, 0x0000000087000000| Complete 
|  89|0x0000000087100000, 0x0000000087200000, 0x0000000087200000|100%| E|CS|TAMS 0x0000000087100000, 0x0000000087100000| Complete 
|  90|0x0000000087200000, 0x0000000087300000, 0x0000000087300000|100%| E|CS|TAMS 0x0000000087200000, 0x0000000087200000| Complete 
|  91|0x0000000087300000, 0x0000000087400000, 0x0000000087400000|100%| E|CS|TAMS 0x0000000087300000, 0x0000000087300000| Complete 
|  92|0x0000000087400000, 0x0000000087500000, 0x0000000087500000|100%| E|CS|TAMS 0x0000000087400000, 0x0000000087400000| Complete 
|  93|0x0000000087500000, 0x0000000087600000, 0x0000000087600000|100%| E|CS|TAMS 0x0000000087500000, 0x0000000087500000| Complete 
|  94|0x0000000087600000, 0x0000000087700000, 0x0000000087700000|100%| E|CS|TAMS 0x0000000087600000, 0x0000000087600000| Complete 
|  95|0x0000000087700000, 0x0000000087800000, 0x0000000087800000|100%| E|CS|TAMS 0x0000000087700000, 0x0000000087700000| Complete 
|  96|0x0000000087800000, 0x0000000087900000, 0x0000000087900000|100%| E|CS|TAMS 0x0000000087800000, 0x0000000087800000| Complete 
|  97|0x0000000087900000, 0x0000000087a00000, 0x0000000087a00000|100%| E|CS|TAMS 0x0000000087900000, 0x0000000087900000| Complete 
|  98|0x0000000087a00000, 0x0000000087b00000, 0x0000000087b00000|100%| E|CS|TAMS 0x0000000087a00000, 0x0000000087a00000| Complete 
|  99|0x0000000087b00000, 0x0000000087c00000, 0x0000000087c00000|100%| E|CS|TAMS 0x0000000087b00000, 0x0000000087b00000| Complete 
| 100|0x0000000087c00000, 0x0000000087d00000, 0x0000000087d00000|100%| E|CS|TAMS 0x0000000087c00000, 0x0000000087c00000| Complete 
| 101|0x0000000087d00000, 0x0000000087e00000, 0x0000000087e00000|100%| E|CS|TAMS 0x0000000087d00000, 0x0000000087d00000| Complete 
| 102|0x0000000087e00000, 0x0000000087f00000, 0x0000000087f00000|100%| E|CS|TAMS 0x0000000087e00000, 0x0000000087e00000| Complete 
| 103|0x0000000087f00000, 0x0000000088000000, 0x0000000088000000|100%| E|CS|TAMS 0x0000000087f00000, 0x0000000087f00000| Complete 
| 104|0x0000000088000000, 0x0000000088100000, 0x0000000088100000|100%| E|CS|TAMS 0x0000000088000000, 0x0000000088000000| Complete 
| 105|0x0000000088100000, 0x0000000088200000, 0x0000000088200000|100%| E|CS|TAMS 0x0000000088100000, 0x0000000088100000| Complete 
| 106|0x0000000088200000, 0x0000000088300000, 0x0000000088300000|100%| E|CS|TAMS 0x0000000088200000, 0x0000000088200000| Complete 
| 107|0x0000000088300000, 0x0000000088400000, 0x0000000088400000|100%| E|CS|TAMS 0x0000000088300000, 0x0000000088300000| Complete 
| 108|0x0000000088400000, 0x0000000088500000, 0x0000000088500000|100%| E|CS|TAMS 0x0000000088400000, 0x0000000088400000| Complete 
| 109|0x0000000088500000, 0x0000000088600000, 0x0000000088600000|100%| E|CS|TAMS 0x0000000088500000, 0x0000000088500000| Complete 
| 110|0x0000000088600000, 0x0000000088700000, 0x0000000088700000|100%| E|CS|TAMS 0x0000000088600000, 0x0000000088600000| Complete 
| 111|0x0000000088700000, 0x0000000088800000, 0x0000000088800000|100%| E|CS|TAMS 0x0000000088700000, 0x0000000088700000| Complete 
| 112|0x0000000088800000, 0x0000000088900000, 0x0000000088900000|100%| E|CS|TAMS 0x0000000088800000, 0x0000000088800000| Complete 
| 113|0x0000000088900000, 0x0000000088a00000, 0x0000000088a00000|100%| E|CS|TAMS 0x0000000088900000, 0x0000000088900000| Complete 
| 114|0x0000000088a00000, 0x0000000088b00000, 0x0000000088b00000|100%| E|CS|TAMS 0x0000000088a00000, 0x0000000088a00000| Complete 
| 115|0x0000000088b00000, 0x0000000088c00000, 0x0000000088c00000|100%| E|CS|TAMS 0x0000000088b00000, 0x0000000088b00000| Complete 
| 116|0x0000000088c00000, 0x0000000088d00000, 0x0000000088d00000|100%| E|CS|TAMS 0x0000000088c00000, 0x0000000088c00000| Complete 
| 117|0x0000000088d00000, 0x0000000088e00000, 0x0000000088e00000|100%| E|CS|TAMS 0x0000000088d00000, 0x0000000088d00000| Complete 
| 118|0x0000000088e00000, 0x0000000088f00000, 0x0000000088f00000|100%| E|CS|TAMS 0x0000000088e00000, 0x0000000088e00000| Complete 
| 119|0x0000000088f00000, 0x0000000089000000, 0x0000000089000000|100%| E|CS|TAMS 0x0000000088f00000, 0x0000000088f00000| Complete 
| 120|0x0000000089000000, 0x0000000089100000, 0x0000000089100000|100%| E|CS|TAMS 0x0000000089000000, 0x0000000089000000| Complete 
| 121|0x0000000089100000, 0x0000000089200000, 0x0000000089200000|100%| E|CS|TAMS 0x0000000089100000, 0x0000000089100000| Complete 
| 122|0x0000000089200000, 0x0000000089300000, 0x0000000089300000|100%| E|CS|TAMS 0x0000000089200000, 0x0000000089200000| Complete 
| 123|0x0000000089300000, 0x0000000089400000, 0x0000000089400000|100%| E|CS|TAMS 0x0000000089300000, 0x0000000089300000| Complete 
| 124|0x0000000089400000, 0x0000000089500000, 0x0000000089500000|100%| E|CS|TAMS 0x0000000089400000, 0x0000000089400000| Complete 
| 125|0x0000000089500000, 0x0000000089600000, 0x0000000089600000|100%| E|CS|TAMS 0x0000000089500000, 0x0000000089500000| Complete 
| 126|0x0000000089600000, 0x0000000089700000, 0x0000000089700000|100%| E|CS|TAMS 0x0000000089600000, 0x0000000089600000| Complete 
| 127|0x0000000089700000, 0x0000000089800000, 0x0000000089800000|100%| E|CS|TAMS 0x0000000089700000, 0x0000000089700000| Complete 

Card table byte_map: [0x000001bb15dd0000,0x000001bb161d0000] _byte_map_base: 0x000001bb159c4000

Marking Bits (Prev, Next): (CMBitMap*) 0x000001bb02389820, (CMBitMap*) 0x000001bb023897e8
 Prev Bits: [0x000001bb18570000, 0x000001bb1a510000)
 Next Bits: [0x000001bb165d0000, 0x000001bb18570000)

Polling page: 0x000001bb00b20000

Metaspace:

Usage:
  Non-class:     27.73 MB capacity,    27.19 MB ( 98%) used,   453.64 KB (  2%) free+waste,    95.44 KB ( <1%) overhead. 
      Class:      4.05 MB capacity,     3.73 MB ( 92%) used,   280.23 KB (  7%) free+waste,    46.19 KB (  1%) overhead. 
       Both:     31.77 MB capacity,    30.92 MB ( 97%) used,   733.87 KB (  2%) free+waste,   141.63 KB ( <1%) overhead. 

Virtual space:
  Non-class space:       28.00 MB reserved,      27.75 MB (>99%) committed 
      Class space:        1.00 GB reserved,       4.13 MB ( <1%) committed 
             Both:        1.03 GB reserved,      31.88 MB (  3%) committed 

Chunk freelists:
   Non-Class:  24.00 KB
       Class:  17.00 KB
        Both:  41.00 KB

MaxMetaspaceSize: 17179869184.00 GB
CompressedClassSpaceSize: 1.00 GB

CodeHeap 'non-profiled nmethods': size=120000Kb used=1666Kb max_used=1666Kb free=118333Kb
 bounds [0x000001bb0da30000, 0x000001bb0dca0000, 0x000001bb14f60000]
CodeHeap 'profiled nmethods': size=120000Kb used=6155Kb max_used=6155Kb free=113844Kb
 bounds [0x000001bb06500000, 0x000001bb06b10000, 0x000001bb0da30000]
CodeHeap 'non-nmethods': size=5760Kb used=1145Kb max_used=1181Kb free=4614Kb
 bounds [0x000001bb05f60000, 0x000001bb061d0000, 0x000001bb06500000]
 total_blobs=3704 nmethods=3224 adapters=391
 compilation: enabled
              stopped_count=0, restarted_count=0
 full_count=0

Compilation events (20 events):
Event: 92.162 Thread 0x000001bb1d001800 nmethod 3227 0x000001bb06af7e90 code [0x000001bb06af8040, 0x000001bb06af8188]
Event: 92.163 Thread 0x000001bb1d001800 3230       3       java.nio.DirectByteBuffer::asIntBuffer (163 bytes)
Event: 92.163 Thread 0x000001bb1d001800 nmethod 3230 0x000001bb06af8210 code [0x000001bb06af8420, 0x000001bb06af89f8]
Event: 92.163 Thread 0x000001bb1d001800 3231       3       java.net.URI::toURL (5 bytes)
Event: 92.164 Thread 0x000001bb1d001800 nmethod 3231 0x000001bb06af8c10 code [0x000001bb06af8dc0, 0x000001bb06af8ee8]
Event: 92.164 Thread 0x000001bb1d001800 3228       3       jdk.internal.perf.Perf$CleanerAction::<init> (15 bytes)
Event: 92.164 Thread 0x000001bb1d001800 nmethod 3228 0x000001bb06af8f90 code [0x000001bb06af9140, 0x000001bb06af9358]
Event: 92.164 Thread 0x000001bb1d001800 3229   !   3       sun.jvmstat.perfdata.monitor.AbstractPerfDataBuffer::createPerfDataBuffer (223 bytes)
Event: 92.168 Thread 0x000001bb1d96b800 3235 %     4       sun.jvmstat.perfdata.monitor.AliasFileParser::parse @ 73 (206 bytes)
Event: 92.169 Thread 0x000001bb1d001800 nmethod 3229 0x000001bb06af9410 code [0x000001bb06af9c80, 0x000001bb06afee68]
Event: 92.169 Thread 0x000001bb1d001800 3234       3       java.lang.Exception::<init> (6 bytes)
Event: 92.169 Thread 0x000001bb1d001800 nmethod 3234 0x000001bb06b01710 code [0x000001bb06b01900, 0x000001bb06b01d28]
Event: 92.169 Thread 0x000001bb1d001800 3233       3       sun.jvmstat.perfdata.monitor.protocol.local.LocalMonitoredVm::detach (32 bytes)
Event: 92.170 Thread 0x000001bb1d001800 nmethod 3233 0x000001bb06b01e10 code [0x000001bb06b01fe0, 0x000001bb06b022a8]
Event: 92.170 Thread 0x000001bb1d001800 3232  s    3       java.io.ByteArrayInputStream::available (10 bytes)
Event: 92.170 Thread 0x000001bb1d001800 nmethod 3232 0x000001bb06b02390 code [0x000001bb06b02540, 0x000001bb06b027b8]
Event: 92.175 Thread 0x000001bb1d001800 3236       3       java.lang.Integer::toString (8 bytes)
Event: 92.175 Thread 0x000001bb1d001800 nmethod 3236 0x000001bb06b02890 code [0x000001bb06b02a40, 0x000001bb06b02b68]
Event: 92.182 Thread 0x000001bb1d001800 3237       3       org.springframework.ide.vscode.boot.java.livehover.v2.SpringProcessDescriptor::hashCode (8 bytes)
Event: 92.182 Thread 0x000001bb1d001800 nmethod 3237 0x000001bb06b02c10 code [0x000001bb06b02dc0, 0x000001bb06b02ee8]

GC Heap History (10 events):
Event: 0.964 GC heap before
{Heap before GC invocations=0 (full 0):
 garbage-first heap   total 131072K, used 23552K [0x0000000081800000, 0x0000000100000000)
  region size 1024K, 24 young (24576K), 0 survivors (0K)
 Metaspace       used 9156K, capacity 9284K, committed 9344K, reserved 1058816K
  class space    used 803K, capacity 838K, committed 896K, reserved 1048576K
}
Event: 0.972 GC heap after
{Heap after GC invocations=1 (full 0):
 garbage-first heap   total 131072K, used 4261K [0x0000000081800000, 0x0000000100000000)
  region size 1024K, 3 young (3072K), 3 survivors (3072K)
 Metaspace       used 9156K, capacity 9284K, committed 9344K, reserved 1058816K
  class space    used 803K, capacity 838K, committed 896K, reserved 1048576K
}
Event: 2.464 GC heap before
{Heap before GC invocations=1 (full 0):
 garbage-first heap   total 131072K, used 79013K [0x0000000081800000, 0x0000000100000000)
  region size 1024K, 76 young (77824K), 3 survivors (3072K)
 Metaspace       used 17591K, capacity 18024K, committed 18176K, reserved 1064960K
  class space    used 1878K, capacity 2021K, committed 2048K, reserved 1048576K
}
Event: 2.474 GC heap after
{Heap after GC invocations=2 (full 0):
 garbage-first heap   total 131072K, used 6857K [0x0000000081800000, 0x0000000100000000)
  region size 1024K, 6 young (6144K), 6 survivors (6144K)
 Metaspace       used 17591K, capacity 18024K, committed 18176K, reserved 1064960K
  class space    used 1878K, capacity 2021K, committed 2048K, reserved 1048576K
}
Event: 2.759 GC heap before
{Heap before GC invocations=2 (full 0):
 garbage-first heap   total 131072K, used 41673K [0x0000000081800000, 0x0000000100000000)
  region size 1024K, 41 young (41984K), 6 survivors (6144K)
 Metaspace       used 20663K, capacity 21142K, committed 21248K, reserved 1069056K
  class space    used 2279K, capacity 2464K, committed 2560K, reserved 1048576K
}
Event: 2.767 GC heap after
{Heap after GC invocations=3 (full 0):
 garbage-first heap   total 131072K, used 7892K [0x0000000081800000, 0x0000000100000000)
  region size 1024K, 4 young (4096K), 4 survivors (4096K)
 Metaspace       used 20663K, capacity 21142K, committed 21248K, reserved 1069056K
  class space    used 2279K, capacity 2464K, committed 2560K, reserved 1048576K
}
Event: 5.046 GC heap before
{Heap before GC invocations=4 (full 0):
 garbage-first heap   total 131072K, used 81620K [0x0000000081800000, 0x0000000100000000)
  region size 1024K, 76 young (77824K), 4 survivors (4096K)
 Metaspace       used 28193K, capacity 28944K, committed 29184K, reserved 1075200K
  class space    used 3290K, capacity 3564K, committed 3584K, reserved 1048576K
}
Event: 5.054 GC heap after
{Heap after GC invocations=5 (full 0):
 garbage-first heap   total 131072K, used 9674K [0x0000000081800000, 0x0000000100000000)
  region size 1024K, 6 young (6144K), 6 survivors (6144K)
 Metaspace       used 28193K, capacity 28944K, committed 29184K, reserved 1075200K
  class space    used 3290K, capacity 3564K, committed 3584K, reserved 1048576K
}
Event: 36.715 GC heap before
{Heap before GC invocations=5 (full 0):
 garbage-first heap   total 131072K, used 80330K [0x0000000081800000, 0x0000000100000000)
  region size 1024K, 76 young (77824K), 6 survivors (6144K)
 Metaspace       used 31543K, capacity 32398K, committed 32640K, reserved 1077248K
  class space    used 3815K, capacity 4143K, committed 4224K, reserved 1048576K
}
Event: 36.721 GC heap after
{Heap after GC invocations=6 (full 0):
 garbage-first heap   total 131072K, used 10957K [0x0000000081800000, 0x0000000100000000)
  region size 1024K, 5 young (5120K), 5 survivors (5120K)
 Metaspace       used 31543K, capacity 32398K, committed 32640K, reserved 1077248K
  class space    used 3815K, capacity 4143K, committed 4224K, reserved 1048576K
}

Deoptimization events (20 events):
Event: 6.340 Thread 0x000001bb1eb48800 DEOPT PACKING pc=0x000001bb06a25247 sp=0x0000008ef46fe450
Event: 6.340 Thread 0x000001bb1eb48800 DEOPT UNPACKING pc=0x000001bb05f872ce sp=0x0000008ef46fd9c8 mode 0
Event: 6.341 Thread 0x000001bb1eb48800 DEOPT PACKING pc=0x000001bb06a25247 sp=0x0000008ef46fe380
Event: 6.341 Thread 0x000001bb1eb48800 DEOPT UNPACKING pc=0x000001bb05f872ce sp=0x0000008ef46fd8f8 mode 0
Event: 6.341 Thread 0x000001bb1e477000 DEOPT PACKING pc=0x000001bb06a25247 sp=0x0000008ef43fe3b0
Event: 6.341 Thread 0x000001bb1e477000 DEOPT UNPACKING pc=0x000001bb05f872ce sp=0x0000008ef43fd928 mode 0
Event: 6.341 Thread 0x000001bb1eb48800 DEOPT PACKING pc=0x000001bb06a25247 sp=0x0000008ef46fe2e0
Event: 6.341 Thread 0x000001bb1eb48800 DEOPT UNPACKING pc=0x000001bb05f872ce sp=0x0000008ef46fd858 mode 0
Event: 6.341 Thread 0x000001bb1eb48800 DEOPT PACKING pc=0x000001bb06a25247 sp=0x0000008ef46fe420
Event: 6.341 Thread 0x000001bb1eb48800 DEOPT UNPACKING pc=0x000001bb05f872ce sp=0x0000008ef46fd998 mode 0
Event: 6.345 Thread 0x000001bb1eb48800 DEOPT PACKING pc=0x000001bb06a25247 sp=0x0000008ef46fe450
Event: 6.345 Thread 0x000001bb1eb48800 DEOPT UNPACKING pc=0x000001bb05f872ce sp=0x0000008ef46fd9c8 mode 0
Event: 6.345 Thread 0x000001bb1eb48800 DEOPT PACKING pc=0x000001bb06a25247 sp=0x0000008ef46fe380
Event: 6.345 Thread 0x000001bb1eb48800 DEOPT UNPACKING pc=0x000001bb05f872ce sp=0x0000008ef46fd8f8 mode 0
Event: 6.346 Thread 0x000001bb1eb48800 DEOPT PACKING pc=0x000001bb06a25247 sp=0x0000008ef46fe2e0
Event: 6.346 Thread 0x000001bb1eb48800 DEOPT UNPACKING pc=0x000001bb05f872ce sp=0x0000008ef46fd858 mode 0
Event: 65.080 Thread 0x000001bb1fab0000 DEOPT PACKING pc=0x000001bb069158d5 sp=0x0000008ef49fe090
Event: 65.080 Thread 0x000001bb1fab0000 DEOPT UNPACKING pc=0x000001bb05f872ce sp=0x0000008ef49fd588 mode 0
Event: 76.987 Thread 0x000001bb1fab3800 DEOPT PACKING pc=0x000001bb06a39570 sp=0x0000008ef4afe920
Event: 76.987 Thread 0x000001bb1fab3800 DEOPT UNPACKING pc=0x000001bb05f872ce sp=0x0000008ef4afdde8 mode 0

Classes redefined (0 events):
No events

Internal exceptions (20 events):
Event: 4.270 Thread 0x000001bb0234b800 Exception <a 'java/lang/NoSuchMethodError'{0x000000008703ad40}: 'int java.lang.invoke.DirectMethodHandle$Holder.invokeVirtual(java.lang.Object, java.lang.Object, java.lang.Object)'> (0x000000008703ad40) thrown at [./src/hotspot/share/interpreter/linkResolver.cpp, line 773]
Event: 4.330 Thread 0x000001bb0234b800 Exception <a 'java/lang/NoSuchMethodError'{0x0000000086deb1f0}: 'java.lang.Object java.lang.invoke.DirectMethodHandle$Holder.invokeStatic(java.lang.Object, java.lang.Object, java.lang.Object, int, java.lang.Object)'> (0x0000000086deb1f0) thrown at [./src/hotspot/share/interpreter/linkResolver.cpp, line 773]
Event: 4.331 Thread 0x000001bb0234b800 Exception <a 'java/lang/NoSuchMethodError'{0x0000000086df1ea0}: 'java.lang.Object java.lang.invoke.Invokers$Holder.linkToTargetMethod(java.lang.Object, java.lang.Object, int, java.lang.Object, java.lang.Object)'> (0x0000000086df1ea0) thrown at [./src/hotspot/share/interpreter/linkResolver.cpp, line 773]
Event: 4.332 Thread 0x000001bb0234b800 Exception <a 'java/lang/NoSuchMethodError'{0x0000000086c08210}: 'void java.lang.invoke.DirectMethodHandle$Holder.invokeSpecialIFC(java.lang.Object, java.lang.Object, java.lang.Object)'> (0x0000000086c08210) thrown at [./src/hotspot/share/interpreter/linkResolver.cpp, line 773]
Event: 4.505 Thread 0x000001bb0234b800 Exception <a 'java/lang/NoSuchMethodError'{0x00000000865337a0}: 'void java.lang.invoke.DirectMethodHandle$Holder.invokeVirtual(java.lang.Object, java.lang.Object)'> (0x00000000865337a0) thrown at [./src/hotspot/share/interpreter/linkResolver.cpp, line 773]
Event: 4.699 Thread 0x000001bb0234b800 Exception <a 'java/lang/IncompatibleClassChangeError'{0x0000000085f4a5c8}: Found class java.lang.Object, but interface was expected> (0x0000000085f4a5c8) thrown at [./src/hotspot/share/interpreter/linkResolver.cpp, line 839]
Event: 4.779 Thread 0x000001bb0234b800 Implicit null exception at 0x000001bb0da63af5 to 0x000001bb0da63ccc
Event: 4.787 Thread 0x000001bb0234b800 Exception <a 'java/lang/NoSuchMethodError'{0x0000000085d69640}: 'int java.lang.invoke.DirectMethodHandle$Holder.invokeSpecial(java.lang.Object, java.lang.Object, java.lang.Object, java.lang.Object, java.lang.Object)'> (0x0000000085d69640) thrown at [./src/hotspot/share/interpreter/linkResolver.cpp, line 773]
Event: 5.231 Thread 0x000001bb1fab0000 Exception <a 'java/lang/NullPointerException'{0x00000000890ca670}> (0x00000000890ca670) thrown at [./src/hotspot/share/interpreter/linkResolver.cpp, line 1358]
Event: 5.307 Thread 0x000001bb1e73e000 Implicit null exception at 0x000001bb0da69877 to 0x000001bb0da69d6c
Event: 5.307 Thread 0x000001bb1e73e000 Implicit null exception at 0x000001bb0da684f4 to 0x000001bb0da68a24
Event: 5.739 Thread 0x000001bb1fab3800 Exception <a 'java/lang/NoSuchMethodError'{0x00000000880dc8e8}: 'java.lang.Object java.lang.invoke.DirectMethodHandle$Holder.invokeInterface(java.lang.Object, java.lang.Object, java.lang.Object)'> (0x00000000880dc8e8) thrown at [./src/hotspot/share/interpreter/linkResolver.cpp, line 773]
Event: 5.752 Thread 0x000001bb1eb48800 Exception <a 'java/lang/NoSuchMethodError'{0x0000000087f904b8}: 'java.lang.Object java.lang.invoke.DirectMethodHandle$Holder.invokeStaticInit(java.lang.Object, java.lang.Object, long, java.lang.Object)'> (0x0000000087f904b8) thrown at [./src/hotspot/share/interpreter/linkResolver.cpp, line 773]
Event: 5.785 Thread 0x000001bb1e73e000 Exception <a 'java/lang/NoSuchMethodError'{0x0000000087d8a9a8}: 'int java.lang.invoke.DirectMethodHandle$Holder.invokeStaticInit(java.lang.Object)'> (0x0000000087d8a9a8) thrown at [./src/hotspot/share/interpreter/linkResolver.cpp, line 773]
Event: 5.821 Thread 0x000001bb1eb48800 Exception <a 'java/lang/NoSuchMethodError'{0x0000000087f9c2c0}: 'java.lang.Object java.lang.invoke.Invokers$Holder.linkToTargetMethod(java.lang.Object, long, java.lang.Object)'> (0x0000000087f9c2c0) thrown at [./src/hotspot/share/interpreter/linkResolver.cpp, line 773]
Event: 5.917 Thread 0x000001bb1eb47800 Exception <a 'java/lang/NoSuchMethodError'{0x0000000087a3fc58}: 'java.lang.Object java.lang.invoke.DirectMethodHandle$Holder.invokeStatic(java.lang.Object, java.lang.Object, java.lang.Object, java.lang.Object, java.lang.Object, java.lang.Object, java.lang.Object, java.lang.Object, java.lang.Object, java.lang.Object, java.lang.Object, int)'> (0x0000000087a3fc58) thrown at [./src/hotspot/share/interpreter/linkResolver.cpp, line 773]
Event: 5.920 Thread 0x000001bb1eb47800 Exception <a 'java/lang/NoSuchMethodError'{0x0000000087a5de60}: 'java.lang.Object java.lang.invoke.DirectMethodHandle$Holder.invokeStatic(java.lang.Object, java.lang.Object, java.lang.Object, java.lang.Object, java.lang.Object, java.lang.Object, java.lang.Object, java.lang.Object, java.lang.Object, java.lang.Object, java.lang.Object, int, int)'> (0x0000000087a5de60) thrown at [./src/hotspot/share/interpreter/linkResolver.cpp, line 773]
Event: 5.923 Thread 0x000001bb1eb47800 Exception <a 'java/lang/NoSuchMethodError'{0x0000000087a7cdf8}: 'java.lang.Object java.lang.invoke.DirectMethodHandle$Holder.invokeStatic(java.lang.Object, java.lang.Object, java.lang.Object, java.lang.Object, java.lang.Object, java.lang.Object, java.lang.Object, java.lang.Object, java.lang.Object, java.lang.Object, java.lang.Object, int, int, java.lang.Object)'> (0x0000000087a7cdf8) thrown at [./src/hotspot/share/interpreter/linkResolver.cpp, line 773]
Event: 5.928 Thread 0x000001bb1eb47800 Exception <a 'java/lang/NoSuchMethodError'{0x0000000087a88d50}: 'java.lang.Object java.lang.invoke.Invokers$Holder.linkToTargetMethod(java.lang.Object, int, java.lang.Object)'> (0x0000000087a88d50) thrown at [./src/hotspot/share/interpreter/linkResolver.cpp, line 773]
Event: 6.386 Thread 0x000001bb1e73e000 Exception <a 'java/lang/NoSuchMethodError'{0x000000008741ae38}: 'java.lang.Object java.lang.invoke.DirectMethodHandle$Holder.invokeStatic(java.lang.Object, java.lang.Object, java.lang.Object, java.lang.Object, java.lang.Object, int, java.lang.Object)'> (0x000000008741ae38) thrown at [./src/hotspot/share/interpreter/linkResolver.cpp, line 773]

Events (20 events):
Event: 6.563 loading class org/springframework/ide/vscode/java/properties/parser/Problem
Event: 6.563 loading class org/springframework/ide/vscode/java/properties/parser/Problem done
Event: 6.563 loading class org/springframework/ide/vscode/commons/languageserver/reconcile/IProblemCollector
Event: 6.563 loading class org/springframework/ide/vscode/commons/languageserver/reconcile/IProblemCollector done
Event: 6.564 loading class org/eclipse/lsp4j/Diagnostic
Event: 6.564 loading class org/eclipse/lsp4j/Diagnostic done
Event: 6.566 loading class org/eclipse/lsp4j/DiagnosticRelatedInformation
Event: 6.566 loading class org/eclipse/lsp4j/DiagnosticRelatedInformation done
Event: 6.567 Executing VM operation: RevokeBias
Event: 6.567 Executing VM operation: RevokeBias done
Event: 11.491 Thread 0x000001bb1f8b2800 Thread exited: 0x000001bb1f8b2800
Event: 11.493 Thread 0x000001bb1f9c1800 Thread exited: 0x000001bb1f9c1800
Event: 36.715 Executing VM operation: G1CollectForAllocation
Event: 36.721 Executing VM operation: G1CollectForAllocation done
Event: 51.818 Loaded shared library C:\Program Files\JetBrains\IntelliJ IDEA Community Edition 2020.3\jbr\bin\java.dll
Event: 65.078 loading class org/eclipse/lsp4j/TextDocumentSaveReason
Event: 65.078 loading class org/eclipse/lsp4j/TextDocumentSaveReason done
Event: 66.478 Executing VM operation: RevokeBias
Event: 66.478 Executing VM operation: RevokeBias done
Event: 66.478 Thread 0x000001bb1eb48800 Thread exited: 0x000001bb1eb48800


Dynamic libraries:
0x00007ff79a6b0000 - 0x00007ff79a6ba000 	C:\Program Files\JetBrains\IntelliJ IDEA Community Edition 2020.3\jbr\bin\java.exe
0x00007ffd0abd0000 - 0x00007ffd0adc8000 	C:\WINDOWS\SYSTEM32\ntdll.dll
0x00007ffd09940000 - 0x00007ffd099fd000 	C:\WINDOWS\System32\KERNEL32.DLL
0x00007ffd08530000 - 0x00007ffd087fe000 	C:\WINDOWS\System32\KERNELBASE.dll
0x00007ffd082f0000 - 0x00007ffd083f0000 	C:\WINDOWS\System32\ucrtbase.dll
0x00007ffce5ff0000 - 0x00007ffce6009000 	C:\Program Files\JetBrains\IntelliJ IDEA Community Edition 2020.3\jbr\bin\jli.dll
0x00007ffce5e40000 - 0x00007ffce5e57000 	C:\Program Files\JetBrains\IntelliJ IDEA Community Edition 2020.3\jbr\bin\VCRUNTIME140.dll
0x00007ffd08cd0000 - 0x00007ffd08e70000 	C:\WINDOWS\System32\USER32.dll
0x00007ffcf2ad0000 - 0x00007ffcf2d6a000 	C:\WINDOWS\WinSxS\amd64_microsoft.windows.common-controls_6595b64144ccf1df_6.0.19041.1110_none_60b5254171f9507e\COMCTL32.dll
0x00007ffd08800000 - 0x00007ffd08822000 	C:\WINDOWS\System32\win32u.dll
0x00007ffd09c80000 - 0x00007ffd09d1e000 	C:\WINDOWS\System32\msvcrt.dll
0x00007ffd09a90000 - 0x00007ffd09aba000 	C:\WINDOWS\System32\GDI32.dll
0x00007ffd08af0000 - 0x00007ffd08bfb000 	C:\WINDOWS\System32\gdi32full.dll
0x00007ffd08990000 - 0x00007ffd08a2d000 	C:\WINDOWS\System32\msvcp_win.dll
0x00007ffd0a9b0000 - 0x00007ffd0a9e0000 	C:\WINDOWS\System32\IMM32.DLL
0x00007ffcd2580000 - 0x00007ffcd261d000 	C:\Program Files\JetBrains\IntelliJ IDEA Community Edition 2020.3\jbr\bin\msvcp140.dll
0x00007ffc7d870000 - 0x00007ffc7e33e000 	C:\Program Files\JetBrains\IntelliJ IDEA Community Edition 2020.3\jbr\bin\server\jvm.dll
0x00007ffd08ef0000 - 0x00007ffd08f9e000 	C:\WINDOWS\System32\ADVAPI32.dll
0x00007ffd08c30000 - 0x00007ffd08ccc000 	C:\WINDOWS\System32\sechost.dll
0x00007ffd09060000 - 0x00007ffd09185000 	C:\WINDOWS\System32\RPCRT4.dll
0x00007ffd0a940000 - 0x00007ffd0a948000 	C:\WINDOWS\System32\PSAPI.DLL
0x00007ffcf1450000 - 0x00007ffcf1459000 	C:\WINDOWS\SYSTEM32\WSOCK32.dll
0x00007ffcf2310000 - 0x00007ffcf2337000 	C:\WINDOWS\SYSTEM32\WINMM.dll
0x00007ffd09ad0000 - 0x00007ffd09b3b000 	C:\WINDOWS\System32\WS2_32.dll
0x00007ffcff2a0000 - 0x00007ffcff2aa000 	C:\WINDOWS\SYSTEM32\VERSION.dll
0x00007ffd06b70000 - 0x00007ffd06b82000 	C:\WINDOWS\SYSTEM32\kernel.appcore.dll
0x00007ffcfe960000 - 0x00007ffcfe971000 	C:\Program Files\JetBrains\IntelliJ IDEA Community Edition 2020.3\jbr\bin\verify.dll
0x00007ffd060a0000 - 0x00007ffd06284000 	C:\WINDOWS\SYSTEM32\DBGHELP.DLL
0x00007ffcf5d80000 - 0x00007ffcf5dac000 	C:\WINDOWS\SYSTEM32\dbgcore.DLL
0x00007ffd084a0000 - 0x00007ffd08522000 	C:\WINDOWS\System32\bcryptPrimitives.dll
0x00007ffcfe930000 - 0x00007ffcfe959000 	C:\Program Files\JetBrains\IntelliJ IDEA Community Edition 2020.3\jbr\bin\java.dll
0x00007ffcfe910000 - 0x00007ffcfe91b000 	C:\Program Files\JetBrains\IntelliJ IDEA Community Edition 2020.3\jbr\bin\jimage.dll
0x00007ffcfe8a0000 - 0x00007ffcfe8b8000 	C:\Program Files\JetBrains\IntelliJ IDEA Community Edition 2020.3\jbr\bin\zip.dll
0x00007ffd091f0000 - 0x00007ffd09934000 	C:\WINDOWS\System32\SHELL32.dll
0x00007ffd06290000 - 0x00007ffd06a24000 	C:\WINDOWS\SYSTEM32\windows.storage.dll
0x00007ffd09df0000 - 0x00007ffd0a144000 	C:\WINDOWS\System32\combase.dll
0x00007ffd07c80000 - 0x00007ffd07cb0000 	C:\WINDOWS\SYSTEM32\Wldp.dll
0x00007ffd08fb0000 - 0x00007ffd0905d000 	C:\WINDOWS\System32\SHCORE.dll
0x00007ffd0a950000 - 0x00007ffd0a9a5000 	C:\WINDOWS\System32\shlwapi.dll
0x00007ffd08230000 - 0x00007ffd0824f000 	C:\WINDOWS\SYSTEM32\profapi.dll
0x00007ffcfe880000 - 0x00007ffcfe89a000 	C:\Program Files\JetBrains\IntelliJ IDEA Community Edition 2020.3\jbr\bin\net.dll
0x00007ffcfb280000 - 0x00007ffcfb38a000 	C:\WINDOWS\SYSTEM32\WINHTTP.dll
0x00007ffd07980000 - 0x00007ffd079ea000 	C:\WINDOWS\system32\mswsock.dll
0x00007ffce62f0000 - 0x00007ffce6304000 	C:\Program Files\JetBrains\IntelliJ IDEA Community Edition 2020.3\jbr\bin\nio.dll
0x00007ffcf1420000 - 0x00007ffcf142a000 	C:\Program Files\JetBrains\IntelliJ IDEA Community Edition 2020.3\jbr\bin\management.dll
0x00007ffcecbf0000 - 0x00007ffcecbfc000 	C:\Program Files\JetBrains\IntelliJ IDEA Community Edition 2020.3\jbr\bin\management_ext.dll
0x00007ffce2c80000 - 0x00007ffce2c97000 	C:\WINDOWS\system32\napinsp.dll
0x00007ffce2b70000 - 0x00007ffce2b8b000 	C:\WINDOWS\system32\pnrpnsp.dll
0x00007ffcfffb0000 - 0x00007ffcfffc5000 	C:\WINDOWS\system32\wshbth.dll
0x00007ffcff260000 - 0x00007ffcff27d000 	C:\WINDOWS\system32\NLAapi.dll
0x00007ffd07690000 - 0x00007ffd076cb000 	C:\WINDOWS\SYSTEM32\IPHLPAPI.DLL
0x00007ffd076d0000 - 0x00007ffd0779b000 	C:\WINDOWS\SYSTEM32\DNSAPI.dll
0x00007ffd08fa0000 - 0x00007ffd08fa8000 	C:\WINDOWS\System32\NSI.dll
0x00007ffce2b20000 - 0x00007ffce2b32000 	C:\WINDOWS\System32\winrnr.dll
0x00007ffcf9230000 - 0x00007ffcf923a000 	C:\Windows\System32\rasadhlp.dll
0x00007ffcf92f0000 - 0x00007ffcf9370000 	C:\WINDOWS\System32\fwpuclnt.dll
0x00007ffd08c00000 - 0x00007ffd08c27000 	C:\WINDOWS\System32\bcrypt.dll
0x00007ffd07b50000 - 0x00007ffd07b68000 	C:\WINDOWS\SYSTEM32\CRYPTSP.dll
0x00007ffd07320000 - 0x00007ffd07354000 	C:\WINDOWS\system32\rsaenh.dll
0x00007ffd081f0000 - 0x00007ffd0821e000 	C:\WINDOWS\SYSTEM32\USERENV.dll
0x00007ffd07b40000 - 0x00007ffd07b4c000 	C:\WINDOWS\SYSTEM32\CRYPTBASE.dll
0x00007ffcfde70000 - 0x00007ffcfde87000 	C:\WINDOWS\SYSTEM32\dhcpcsvc6.DLL
0x00007ffcfdb10000 - 0x00007ffcfdb2d000 	C:\WINDOWS\SYSTEM32\dhcpcsvc.DLL
0x00007ffcebc90000 - 0x00007ffcebc9a000 	C:\Program Files\JetBrains\IntelliJ IDEA Community Edition 2020.3\jbr\bin\attach.dll

dbghelp: loaded successfully - version: 4.0.5 - missing functions: none
symbol engine: initialized successfully - sym options: 0x614 - pdb path: .;C:\Program Files\JetBrains\IntelliJ IDEA Community Edition 2020.3\jbr\bin;C:\WINDOWS\SYSTEM32;C:\WINDOWS\WinSxS\amd64_microsoft.windows.common-controls_6595b64144ccf1df_6.0.19041.1110_none_60b5254171f9507e;C:\Program Files\JetBrains\IntelliJ IDEA Community Edition 2020.3\jbr\bin\server

VM Arguments:
java_command: C:\Users\Thanh\AppData\Roaming\JetBrains\IdeaIC2020.3\plugins\idea-spring-tools\lib\server\language-server.jar
java_class_path (initial): C:\Users\Thanh\AppData\Roaming\JetBrains\IdeaIC2020.3\plugins\idea-spring-tools\lib\server\language-server.jar
Launcher Type: SUN_STANDARD

[Global flags]
     intx CICompilerCount                          = 4                                         {product} {ergonomic}
     uint ConcGCThreads                            = 2                                         {product} {ergonomic}
     uint G1ConcRefinementThreads                  = 8                                         {product} {ergonomic}
   size_t G1HeapRegionSize                         = 1048576                                   {product} {ergonomic}
    uintx GCDrainStackTargetSize                   = 64                                        {product} {ergonomic}
   size_t InitialHeapSize                          = 134217728                                 {product} {ergonomic}
   size_t MarkStackSize                            = 4194304                                   {product} {ergonomic}
   size_t MaxHeapSize                              = 2122317824                                {product} {ergonomic}
   size_t MaxNewSize                               = 1272971264                                {product} {ergonomic}
   size_t MinHeapDeltaBytes                        = 1048576                                   {product} {ergonomic}
    uintx NonNMethodCodeHeapSize                   = 5836300                                {pd product} {ergonomic}
    uintx NonProfiledCodeHeapSize                  = 122910970                              {pd product} {ergonomic}
    uintx ProfiledCodeHeapSize                     = 122910970                              {pd product} {ergonomic}
    uintx ReservedCodeCacheSize                    = 251658240                              {pd product} {ergonomic}
     bool SegmentedCodeCache                       = true                                      {product} {ergonomic}
     bool UseCompressedClassPointers               = true                                 {lp64_product} {ergonomic}
     bool UseCompressedOops                        = true                                 {lp64_product} {ergonomic}
     bool UseG1GC                                  = true                                      {product} {ergonomic}
     bool UseLargePagesIndividualAllocation        = false                                  {pd product} {ergonomic}

Logging:
Log output configuration:
 #0: stdout all=warning uptime,level,tags
 #1: stderr all=off uptime,level,tags

Environment Variables:
JAVA_HOME=C:\Program Files\Java\jdk1.8.0_251
PATH=C:\Program Files\Common Files\Oracle\Java\javapath;C:\Program Files\Python38\Scripts\;C:\Program Files\Python38\;C:\Program Files\Microsoft MPI\Bin\;C:\Program Files (x86)\Common Files\Oracle\Java\javapath;C:\WINDOWS\system32;C:\WINDOWS;C:\WINDOWS\System32\Wbem;C:\WINDOWS\System32\WindowsPowerShell\v1.0\;C:\WINDOWS\System32\OpenSSH\;C:\Program Files\dotnet\;C:\Program Files\Microsoft SQL Server\130\Tools\Binn\;C:\Program Files\Microsoft SQL Server\Client SDK\ODBC\170\Tools\Binn\;C:\Program Files (x86)\Microsoft SQL Server\150\Tools\Binn\;C:\Program Files\Microsoft SQL Server\150\Tools\Binn\;C:\Program Files\Microsoft SQL Server\150\DTS\Binn\;C:\Users\Thanh\apache-maven-3.6.3\bin;C:\Program Files\PuTTY\;C:\Program Files (x86)\dotnet\;C:\Program Files\Amazon\AWSCLI\bin\;C:\Program Files\nodejs\;C:\Program Files\Docker\Docker\resources\bin;C:\ProgramData\DockerDesktop\version-bin;C:\Program Files\Git\cmd;C:\Program Files\Java\jdk1.8.0_251\bin\;C:\Users\Thanh\AppData\Local\Microsoft\WindowsApps;C:\Users\Thanh\AppData\Local\GitHubDesktop\bin;C:\Users\Thanh\AppData\Local\Programs\Microsoft VS Code\bin;C:\opencv\build\x64\vc14\bin;C:\Users\Thanh\.dotnet\tools;C:\Users\Thanh\AppData\Local\Microsoft\WindowsApps;C:\Program Files\MySQL\MySQL Shell 8.0\bin\;C:\Program Files\sonar-scanner\bin;C:\Users\Thanh\AppData\Roaming\npm;C:\Program Files\heroku\bin;
USERNAME=Thanh
OS=Windows_NT
PROCESSOR_IDENTIFIER=Intel64 Family 6 Model 142 Stepping 10, GenuineIntel



---------------  S Y S T E M  ---------------

OS: Windows 10 , 64 bit Build 19041 (10.0.19041.1806)
OS uptime: 0 days 2:21 hours
HyperV virtualization detected

CPU:total 8 (initial active 8) (4 cores per cpu, 2 threads per core) family 6 model 142 stepping 10, cmov, cx8, fxsr, mmx, sse, sse2, sse3, ssse3, sse4.1, sse4.2, popcnt, avx, avx2, aes, clmul, erms, 3dnowpref, lzcnt, ht, tsc, tscinvbit, bmi1, bmi2, adx, fma

Memory: 4k page, system-wide physical 8089M (474M free)
TotalPageFile size 20777M (AvailPageFile size 4M)
current process WorkingSet (physical memory assigned to process): 180M, peak: 220M
current process commit charge ("private bytes"): 251M, peak: 298M

vm_info: OpenJDK 64-Bit Server VM (11.0.9+11-b1145.21) for windows-amd64 JRE (11.0.9+11-b1145.21), built on Nov 21 2020 14:37:09 by "" with MS VC++ 14.0 (VS2015)

END.
